{"F:\\claude-project\\nest-demo\\src\\app.module.ts": {"path":"F:\\claude-project\\nest-demo\\src\\app.module.ts","statementMap":{"0":{"start":{"line":1,"column":0},"end":{"line":1,"column":40}},"1":{"start":{"line":2,"column":0},"end":{"line":2,"column":61}},"2":{"start":{"line":3,"column":0},"end":{"line":3,"column":48}},"3":{"start":{"line":4,"column":0},"end":{"line":4,"column":56}},"4":{"start":{"line":5,"column":0},"end":{"line":5,"column":56}},"5":{"start":{"line":6,"column":0},"end":{"line":6,"column":79}},"6":{"start":{"line":7,"column":0},"end":{"line":7,"column":59}},"7":{"start":{"line":36,"column":7},"end":{"line":36,"column":null}},"8":{"start":{"line":36,"column":13},"end":{"line":36,"column":22}},"9":{"start":{"line":36,"column":13},"end":{"line":36,"column":null}},"10":{"start":{"line":16,"column":53},"end":{"line":27,"column":8}}},"fnMap":{"0":{"name":"(anonymous_1)","decl":{"start":{"line":16,"column":18},"end":{"line":16,"column":19}},"loc":{"start":{"line":16,"column":53},"end":{"line":27,"column":8}}}},"branchMap":{},"s":{"0":0,"1":0,"2":0,"3":0,"4":0,"5":0,"6":0,"7":0,"8":0,"9":0,"10":0},"f":{"0":0},"b":{}}
,"F:\\claude-project\\nest-demo\\src\\main.ts": {"path":"F:\\claude-project\\nest-demo\\src\\main.ts","statementMap":{"0":{"start":{"line":1,"column":0},"end":{"line":1,"column":43}},"1":{"start":{"line":2,"column":0},"end":{"line":2,"column":48}},"2":{"start":{"line":3,"column":0},"end":{"line":3,"column":65}},"3":{"start":{"line":4,"column":0},"end":{"line":4,"column":41}},"4":{"start":{"line":5,"column":0},"end":{"line":5,"column":83}},"5":{"start":{"line":6,"column":0},"end":{"line":6,"column":79}},"6":{"start":{"line":7,"column":0},"end":{"line":7,"column":77}},"7":{"start":{"line":10,"column":14},"end":{"line":10,"column":49}},"8":{"start":{"line":13,"column":2},"end":{"line":13,"column":29}},"9":{"start":{"line":16,"column":2},"end":{"line":19,"column":6}},"10":{"start":{"line":22,"column":2},"end":{"line":25,"column":4}},"11":{"start":{"line":28,"column":2},"end":{"line":28,"column":50}},"12":{"start":{"line":31,"column":17},"end":{"line":35,"column":12}},"13":{"start":{"line":36,"column":19},"end":{"line":36,"column":60}},"14":{"start":{"line":37,"column":2},"end":{"line":37,"column":44}},"15":{"start":{"line":40,"column":2},"end":{"line":40,"column":19}},"16":{"start":{"line":42,"column":2},"end":{"line":42,"column":45}},"17":{"start":{"line":43,"column":2},"end":{"line":43,"column":66}},"18":{"start":{"line":46,"column":0},"end":{"line":46,"column":12}}},"fnMap":{"0":{"name":"bootstrap","decl":{"start":{"line":9,"column":15},"end":{"line":9,"column":24}},"loc":{"start":{"line":9,"column":24},"end":{"line":44,"column":1}}}},"branchMap":{"0":{"loc":{"start":{"line":42,"column":19},"end":{"line":42,"column":43}},"type":"binary-expr","locations":[{"start":{"line":42,"column":19},"end":{"line":42,"column":35}},{"start":{"line":42,"column":39},"end":{"line":42,"column":43}}]}},"s":{"0":0,"1":0,"2":0,"3":0,"4":0,"5":0,"6":0,"7":0,"8":0,"9":0,"10":0,"11":0,"12":0,"13":0,"14":0,"15":0,"16":0,"17":0,"18":0},"f":{"0":0},"b":{"0":[0,0]}}
,"F:\\claude-project\\nest-demo\\src\\common\\dto\\pagination.dto.ts": {"path":"F:\\claude-project\\nest-demo\\src\\common\\dto\\pagination.dto.ts","statementMap":{"0":{"start":{"line":1,"column":0},"end":{"line":1,"column":54}},"1":{"start":{"line":2,"column":0},"end":{"line":2,"column":41}},"2":{"start":{"line":3,"column":0},"end":{"line":3,"column":57}},"3":{"start":{"line":11,"column":2},"end":{"line":11,"column":19}},"4":{"start":{"line":18,"column":2},"end":{"line":18,"column":24}},"5":{"start":{"line":5,"column":0},"end":{"line":5,"column":13}},"6":{"start":{"line":11,"column":2},"end":{"line":11,"column":null}},"7":{"start":{"line":8,"column":14},"end":{"line":8,"column":20}},"8":{"start":{"line":18,"column":2},"end":{"line":18,"column":null}},"9":{"start":{"line":15,"column":14},"end":{"line":15,"column":20}}},"fnMap":{"0":{"name":"(anonymous_2)","decl":{"start":{"line":5,"column":0},"end":{"line":5,"column":13}},"loc":{"start":{"line":5,"column":0},"end":{"line":19,"column":1}}},"1":{"name":"(anonymous_3)","decl":{"start":{"line":8,"column":8},"end":{"line":8,"column":11}},"loc":{"start":{"line":8,"column":14},"end":{"line":8,"column":20}}},"2":{"name":"(anonymous_4)","decl":{"start":{"line":15,"column":8},"end":{"line":15,"column":11}},"loc":{"start":{"line":15,"column":14},"end":{"line":15,"column":20}}}},"branchMap":{},"s":{"0":3,"1":3,"2":3,"3":0,"4":0,"5":3,"6":3,"7":0,"8":3,"9":0},"f":{"0":0,"1":0,"2":0},"b":{}}
,"F:\\claude-project\\nest-demo\\src\\common\\filters\\http-exception.filter.ts": {"path":"F:\\claude-project\\nest-demo\\src\\common\\filters\\http-exception.filter.ts","statementMap":{"0":{"start":{"line":1,"column":0},"end":{"line":1,"column":null}},"1":{"start":{"line":11,"column":7},"end":{"line":45,"column":null}},"2":{"start":{"line":12,"column":19},"end":{"line":12,"column":52}},"3":{"start":{"line":15,"column":16},"end":{"line":15,"column":35}},"4":{"start":{"line":16,"column":21},"end":{"line":16,"column":38}},"5":{"start":{"line":17,"column":20},"end":{"line":17,"column":36}},"6":{"start":{"line":20,"column":6},"end":{"line":22,"column":42}},"7":{"start":{"line":24,"column":18},"end":{"line":24,"column":41}},"8":{"start":{"line":25,"column":4},"end":{"line":32,"column":5}},"9":{"start":{"line":26,"column":32},"end":{"line":26,"column":55}},"10":{"start":{"line":27,"column":6},"end":{"line":31,"column":7}},"11":{"start":{"line":28,"column":8},"end":{"line":28,"column":64}},"12":{"start":{"line":30,"column":8},"end":{"line":30,"column":46}},"13":{"start":{"line":34,"column":4},"end":{"line":36,"column":5}},"14":{"start":{"line":35,"column":6},"end":{"line":35,"column":60}},"15":{"start":{"line":38,"column":4},"end":{"line":43,"column":7}},"16":{"start":{"line":11,"column":13},"end":{"line":11,"column":32}},"17":{"start":{"line":11,"column":13},"end":{"line":45,"column":null}}},"fnMap":{"0":{"name":"(anonymous_1)","decl":{"start":{"line":11,"column":7},"end":{"line":11,"column":13}},"loc":{"start":{"line":11,"column":7},"end":{"line":45,"column":1}}},"1":{"name":"(anonymous_2)","decl":{"start":{"line":14,"column":2},"end":{"line":14,"column":7}},"loc":{"start":{"line":14,"column":47},"end":{"line":44,"column":3}}}},"branchMap":{"0":{"loc":{"start":{"line":20,"column":6},"end":{"line":22,"column":42}},"type":"cond-expr","locations":[{"start":{"line":21,"column":10},"end":{"line":21,"column":31}},{"start":{"line":22,"column":10},"end":{"line":22,"column":42}}]},"1":{"loc":{"start":{"line":25,"column":4},"end":{"line":32,"column":5}},"type":"if","locations":[{"start":{"line":25,"column":4},"end":{"line":32,"column":5}}]},"2":{"loc":{"start":{"line":27,"column":6},"end":{"line":31,"column":7}},"type":"if","locations":[{"start":{"line":27,"column":6},"end":{"line":31,"column":7}},{"start":{"line":29,"column":13},"end":{"line":31,"column":7}}]},"3":{"loc":{"start":{"line":27,"column":10},"end":{"line":27,"column":77}},"type":"binary-expr","locations":[{"start":{"line":27,"column":10},"end":{"line":27,"column":47}},{"start":{"line":27,"column":51},"end":{"line":27,"column":77}}]},"4":{"loc":{"start":{"line":28,"column":19},"end":{"line":28,"column":63}},"type":"binary-expr","locations":[{"start":{"line":28,"column":19},"end":{"line":28,"column":52}},{"start":{"line":28,"column":56},"end":{"line":28,"column":63}}]},"5":{"loc":{"start":{"line":34,"column":4},"end":{"line":36,"column":5}},"type":"if","locations":[{"start":{"line":34,"column":4},"end":{"line":36,"column":5}}]},"6":{"loc":{"start":{"line":40,"column":15},"end":{"line":40,"column":68}},"type":"cond-expr","locations":[{"start":{"line":40,"column":40},"end":{"line":40,"column":58}},{"start":{"line":40,"column":61},"end":{"line":40,"column":68}}]}},"s":{"0":0,"1":0,"2":0,"3":0,"4":0,"5":0,"6":0,"7":0,"8":0,"9":0,"10":0,"11":0,"12":0,"13":0,"14":0,"15":0,"16":0,"17":0},"f":{"0":0,"1":0},"b":{"0":[0,0],"1":[0],"2":[0,0],"3":[0,0],"4":[0,0],"5":[0],"6":[0,0]}}
,"F:\\claude-project\\nest-demo\\src\\common\\interceptors\\logging.interceptor.ts": {"path":"F:\\claude-project\\nest-demo\\src\\common\\interceptors\\logging.interceptor.ts","statementMap":{"0":{"start":{"line":1,"column":0},"end":{"line":1,"column":null}},"1":{"start":{"line":9,"column":0},"end":{"line":9,"column":37}},"2":{"start":{"line":12,"column":7},"end":{"line":29,"column":null}},"3":{"start":{"line":13,"column":19},"end":{"line":13,"column":47}},"4":{"start":{"line":16,"column":20},"end":{"line":16,"column":55}},"5":{"start":{"line":17,"column":28},"end":{"line":17,"column":35}},"6":{"start":{"line":18,"column":16},"end":{"line":18,"column":26}},"7":{"start":{"line":20,"column":4},"end":{"line":27,"column":6}},"8":{"start":{"line":22,"column":25},"end":{"line":22,"column":61}},"9":{"start":{"line":23,"column":31},"end":{"line":23,"column":39}},"10":{"start":{"line":24,"column":22},"end":{"line":24,"column":38}},"11":{"start":{"line":25,"column":8},"end":{"line":25,"column":71}},"12":{"start":{"line":12,"column":13},"end":{"line":12,"column":31}},"13":{"start":{"line":12,"column":13},"end":{"line":29,"column":null}}},"fnMap":{"0":{"name":"(anonymous_1)","decl":{"start":{"line":12,"column":7},"end":{"line":12,"column":13}},"loc":{"start":{"line":12,"column":7},"end":{"line":29,"column":1}}},"1":{"name":"(anonymous_2)","decl":{"start":{"line":15,"column":2},"end":{"line":15,"column":11}},"loc":{"start":{"line":15,"column":56},"end":{"line":28,"column":3}}},"2":{"name":"(anonymous_3)","decl":{"start":{"line":21,"column":10},"end":{"line":21,"column":13}},"loc":{"start":{"line":21,"column":15},"end":{"line":26,"column":7}}}},"branchMap":{},"s":{"0":0,"1":0,"2":0,"3":0,"4":0,"5":0,"6":0,"7":0,"8":0,"9":0,"10":0,"11":0,"12":0,"13":0},"f":{"0":0,"1":0,"2":0},"b":{}}
,"F:\\claude-project\\nest-demo\\src\\common\\interceptors\\transform.interceptor.ts": {"path":"F:\\claude-project\\nest-demo\\src\\common\\interceptors\\transform.interceptor.ts","statementMap":{"0":{"start":{"line":1,"column":0},"end":{"line":1,"column":null}},"1":{"start":{"line":8,"column":0},"end":{"line":8,"column":37}},"2":{"start":{"line":11,"column":7},"end":{"line":21,"column":null}},"3":{"start":{"line":13,"column":4},"end":{"line":19,"column":6}},"4":{"start":{"line":14,"column":21},"end":{"line":18,"column":8}},"5":{"start":{"line":11,"column":13},"end":{"line":11,"column":33}},"6":{"start":{"line":11,"column":13},"end":{"line":21,"column":null}}},"fnMap":{"0":{"name":"(anonymous_1)","decl":{"start":{"line":12,"column":2},"end":{"line":12,"column":11}},"loc":{"start":{"line":12,"column":56},"end":{"line":20,"column":3}}},"1":{"name":"(anonymous_2)","decl":{"start":{"line":14,"column":10},"end":{"line":14,"column":11}},"loc":{"start":{"line":14,"column":21},"end":{"line":18,"column":8}}}},"branchMap":{},"s":{"0":0,"1":0,"2":0,"3":0,"4":0,"5":0,"6":0},"f":{"0":0,"1":0},"b":{}}
,"F:\\claude-project\\nest-demo\\src\\common\\pipes\\parse-order-status.pipe.ts": {"path":"F:\\claude-project\\nest-demo\\src\\common\\pipes\\parse-order-status.pipe.ts","statementMap":{"0":{"start":{"line":1,"column":0},"end":{"line":1,"column":80}},"1":{"start":{"line":5,"column":38},"end":{"line":5,"column":87}},"2":{"start":{"line":8,"column":7},"end":{"line":15,"column":null}},"3":{"start":{"line":10,"column":4},"end":{"line":12,"column":5}},"4":{"start":{"line":11,"column":6},"end":{"line":11,"column":92}},"5":{"start":{"line":13,"column":4},"end":{"line":13,"column":32}},"6":{"start":{"line":8,"column":13},"end":{"line":8,"column":33}},"7":{"start":{"line":8,"column":13},"end":{"line":15,"column":null}}},"fnMap":{"0":{"name":"(anonymous_1)","decl":{"start":{"line":9,"column":2},"end":{"line":9,"column":11}},"loc":{"start":{"line":9,"column":25},"end":{"line":14,"column":3}}}},"branchMap":{"0":{"loc":{"start":{"line":10,"column":4},"end":{"line":12,"column":5}},"type":"if","locations":[{"start":{"line":10,"column":4},"end":{"line":12,"column":5}}]}},"s":{"0":1,"1":1,"2":1,"3":0,"4":0,"5":0,"6":1,"7":1},"f":{"0":0},"b":{"0":[0]}}
,"F:\\claude-project\\nest-demo\\src\\modules\\dining-group\\dining-group.controller.ts": {"path":"F:\\claude-project\\nest-demo\\src\\modules\\dining-group\\dining-group.controller.ts","statementMap":{"0":{"start":{"line":1,"column":0},"end":{"line":1,"column":null}},"1":{"start":{"line":12,"column":0},"end":{"line":12,"column":66}},"2":{"start":{"line":13,"column":0},"end":{"line":13,"column":60}},"3":{"start":{"line":14,"column":0},"end":{"line":14,"column":69}},"4":{"start":{"line":15,"column":0},"end":{"line":15,"column":52}},"5":{"start":{"line":16,"column":0},"end":{"line":16,"column":62}},"6":{"start":{"line":20,"column":7},"end":{"line":78,"column":null}},"7":{"start":{"line":21,"column":31},"end":{"line":21,"column":51}},"8":{"start":{"line":26,"column":4},"end":{"line":26,"column":64}},"9":{"start":{"line":33,"column":4},"end":{"line":33,"column":56}},"10":{"start":{"line":39,"column":4},"end":{"line":39,"column":47}},"11":{"start":{"line":48,"column":4},"end":{"line":48,"column":68}},"12":{"start":{"line":57,"column":4},"end":{"line":57,"column":78}},"13":{"start":{"line":66,"column":4},"end":{"line":66,"column":65}},"14":{"start":{"line":76,"column":4},"end":{"line":76,"column":63}},"15":{"start":{"line":20,"column":13},"end":{"line":20,"column":34}},"16":{"start":{"line":25,"column":2},"end":{"line":27,"column":null}},"17":{"start":{"line":32,"column":2},"end":{"line":34,"column":null}},"18":{"start":{"line":38,"column":2},"end":{"line":40,"column":null}},"19":{"start":{"line":44,"column":2},"end":{"line":49,"column":null}},"20":{"start":{"line":53,"column":2},"end":{"line":58,"column":null}},"21":{"start":{"line":62,"column":2},"end":{"line":67,"column":null}},"22":{"start":{"line":72,"column":2},"end":{"line":77,"column":null}},"23":{"start":{"line":20,"column":13},"end":{"line":78,"column":null}}},"fnMap":{"0":{"name":"(anonymous_4)","decl":{"start":{"line":21,"column":2},"end":{"line":21,"column":31}},"loc":{"start":{"line":21,"column":69},"end":{"line":21,"column":73}}},"1":{"name":"(anonymous_5)","decl":{"start":{"line":25,"column":2},"end":{"line":25,"column":8}},"loc":{"start":{"line":25,"column":59},"end":{"line":27,"column":3}}},"2":{"name":"(anonymous_6)","decl":{"start":{"line":32,"column":2},"end":{"line":32,"column":14}},"loc":{"start":{"line":32,"column":60},"end":{"line":34,"column":3}}},"3":{"name":"(anonymous_7)","decl":{"start":{"line":38,"column":2},"end":{"line":38,"column":9}},"loc":{"start":{"line":38,"column":47},"end":{"line":40,"column":3}}},"4":{"name":"(anonymous_8)","decl":{"start":{"line":44,"column":2},"end":{"line":44,"column":11}},"loc":{"start":{"line":46,"column":38},"end":{"line":49,"column":3}}},"5":{"name":"(anonymous_9)","decl":{"start":{"line":53,"column":2},"end":{"line":53,"column":16}},"loc":{"start":{"line":55,"column":48},"end":{"line":58,"column":3}}},"6":{"name":"(anonymous_10)","decl":{"start":{"line":62,"column":2},"end":{"line":62,"column":14}},"loc":{"start":{"line":64,"column":49},"end":{"line":67,"column":3}}},"7":{"name":"(anonymous_11)","decl":{"start":{"line":72,"column":2},"end":{"line":72,"column":12}},"loc":{"start":{"line":74,"column":49},"end":{"line":77,"column":3}}}},"branchMap":{},"s":{"0":1,"1":1,"2":1,"3":1,"4":1,"5":1,"6":1,"7":8,"8":1,"9":1,"10":1,"11":1,"12":1,"13":1,"14":1,"15":1,"16":1,"17":1,"18":1,"19":1,"20":1,"21":1,"22":1,"23":1},"f":{"0":8,"1":1,"2":1,"3":1,"4":1,"5":1,"6":1,"7":1},"b":{}}
,"F:\\claude-project\\nest-demo\\src\\modules\\dining-group\\dining-group.module.ts": {"path":"F:\\claude-project\\nest-demo\\src\\modules\\dining-group\\dining-group.module.ts","statementMap":{"0":{"start":{"line":1,"column":0},"end":{"line":1,"column":40}},"1":{"start":{"line":2,"column":0},"end":{"line":2,"column":48}},"2":{"start":{"line":3,"column":0},"end":{"line":3,"column":60}},"3":{"start":{"line":4,"column":0},"end":{"line":4,"column":66}},"4":{"start":{"line":5,"column":0},"end":{"line":5,"column":61}},"5":{"start":{"line":6,"column":0},"end":{"line":6,"column":74}},"6":{"start":{"line":7,"column":0},"end":{"line":7,"column":49}},"7":{"start":{"line":18,"column":7},"end":{"line":18,"column":null}},"8":{"start":{"line":18,"column":13},"end":{"line":18,"column":30}},"9":{"start":{"line":18,"column":13},"end":{"line":18,"column":null}}},"fnMap":{},"branchMap":{},"s":{"0":0,"1":0,"2":0,"3":0,"4":0,"5":0,"6":0,"7":0,"8":0,"9":0},"f":{},"b":{}}
,"F:\\claude-project\\nest-demo\\src\\modules\\dining-group\\dining-group.service.ts": {"path":"F:\\claude-project\\nest-demo\\src\\modules\\dining-group\\dining-group.service.ts","statementMap":{"0":{"start":{"line":1,"column":0},"end":{"line":1,"column":null}},"1":{"start":{"line":6,"column":0},"end":{"line":6,"column":51}},"2":{"start":{"line":7,"column":0},"end":{"line":7,"column":37}},"3":{"start":{"line":8,"column":0},"end":{"line":8,"column":61}},"4":{"start":{"line":9,"column":0},"end":{"line":9,"column":74}},"5":{"start":{"line":13,"column":0},"end":{"line":13,"column":51}},"6":{"start":{"line":16,"column":7},"end":{"line":141,"column":null}},"7":{"start":{"line":19,"column":21},"end":{"line":19,"column":38}},"8":{"start":{"line":21,"column":21},"end":{"line":21,"column":39}},"9":{"start":{"line":22,"column":21},"end":{"line":22,"column":34}},"10":{"start":{"line":26,"column":32},"end":{"line":26,"column":52}},"11":{"start":{"line":29,"column":20},"end":{"line":29,"column":61}},"12":{"start":{"line":32,"column":18},"end":{"line":35,"column":6}},"13":{"start":{"line":36,"column":23},"end":{"line":36,"column":61}},"14":{"start":{"line":39,"column":19},"end":{"line":43,"column":6}},"15":{"start":{"line":44,"column":4},"end":{"line":44,"column":45}},"16":{"start":{"line":46,"column":4},"end":{"line":46,"column":22}},"17":{"start":{"line":50,"column":20},"end":{"line":53,"column":6}},"18":{"start":{"line":55,"column":19},"end":{"line":59,"column":7}},"19":{"start":{"line":55,"column":39},"end":{"line":59,"column":6}},"20":{"start":{"line":61,"column":4},"end":{"line":61,"column":18}},"21":{"start":{"line":65,"column":18},"end":{"line":68,"column":6}},"22":{"start":{"line":69,"column":4},"end":{"line":71,"column":5}},"23":{"start":{"line":70,"column":6},"end":{"line":70,"column":52}},"24":{"start":{"line":72,"column":4},"end":{"line":72,"column":17}},"25":{"start":{"line":76,"column":33},"end":{"line":76,"column":45}},"26":{"start":{"line":79,"column":18},"end":{"line":79,"column":45}},"27":{"start":{"line":82,"column":15},"end":{"line":82,"column":58}},"28":{"start":{"line":83,"column":4},"end":{"line":86,"column":5}},"29":{"start":{"line":85,"column":6},"end":{"line":85,"column":55}},"30":{"start":{"line":89,"column":21},"end":{"line":91,"column":6}},"31":{"start":{"line":92,"column":4},"end":{"line":94,"column":5}},"32":{"start":{"line":93,"column":6},"end":{"line":93,"column":47}},"33":{"start":{"line":97,"column":19},"end":{"line":101,"column":6}},"34":{"start":{"line":103,"column":4},"end":{"line":103,"column":52}},"35":{"start":{"line":107,"column":33},"end":{"line":107,"column":50}},"36":{"start":{"line":109,"column":19},"end":{"line":111,"column":6}},"37":{"start":{"line":112,"column":4},"end":{"line":114,"column":5}},"38":{"start":{"line":113,"column":6},"end":{"line":113,"column":46}},"39":{"start":{"line":116,"column":4},"end":{"line":116,"column":31}},"40":{"start":{"line":117,"column":4},"end":{"line":117,"column":52}},"41":{"start":{"line":121,"column":19},"end":{"line":123,"column":6}},"42":{"start":{"line":124,"column":4},"end":{"line":126,"column":5}},"43":{"start":{"line":125,"column":6},"end":{"line":125,"column":46}},"44":{"start":{"line":128,"column":4},"end":{"line":128,"column":47}},"45":{"start":{"line":129,"column":4},"end":{"line":129,"column":29}},"46":{"start":{"line":134,"column":18},"end":{"line":134,"column":45}},"47":{"start":{"line":135,"column":4},"end":{"line":137,"column":5}},"48":{"start":{"line":136,"column":6},"end":{"line":136,"column":57}},"49":{"start":{"line":139,"column":4},"end":{"line":139,"column":52}},"50":{"start":{"line":16,"column":13},"end":{"line":16,"column":31}},"51":{"start":{"line":16,"column":13},"end":{"line":141,"column":null}}},"fnMap":{"0":{"name":"(anonymous_4)","decl":{"start":{"line":17,"column":2},"end":{"line":17,"column":null}},"loc":{"start":{"line":22,"column":45},"end":{"line":23,"column":6}}},"1":{"name":"(anonymous_5)","decl":{"start":{"line":25,"column":2},"end":{"line":25,"column":7}},"loc":{"start":{"line":25,"column":57},"end":{"line":47,"column":3}}},"2":{"name":"(anonymous_6)","decl":{"start":{"line":49,"column":2},"end":{"line":49,"column":7}},"loc":{"start":{"line":49,"column":35},"end":{"line":62,"column":3}}},"3":{"name":"(anonymous_7)","decl":{"start":{"line":55,"column":31},"end":{"line":55,"column":32}},"loc":{"start":{"line":55,"column":39},"end":{"line":59,"column":6}}},"4":{"name":"(anonymous_8)","decl":{"start":{"line":64,"column":2},"end":{"line":64,"column":7}},"loc":{"start":{"line":64,"column":26},"end":{"line":73,"column":3}}},"5":{"name":"(anonymous_9)","decl":{"start":{"line":75,"column":2},"end":{"line":75,"column":7}},"loc":{"start":{"line":75,"column":61},"end":{"line":104,"column":3}}},"6":{"name":"(anonymous_10)","decl":{"start":{"line":106,"column":2},"end":{"line":106,"column":7}},"loc":{"start":{"line":106,"column":76},"end":{"line":118,"column":3}}},"7":{"name":"(anonymous_11)","decl":{"start":{"line":120,"column":2},"end":{"line":120,"column":7}},"loc":{"start":{"line":120,"column":52},"end":{"line":130,"column":3}}},"8":{"name":"(anonymous_12)","decl":{"start":{"line":132,"column":2},"end":{"line":132,"column":7}},"loc":{"start":{"line":132,"column":50},"end":{"line":140,"column":3}}}},"branchMap":{"0":{"loc":{"start":{"line":42,"column":16},"end":{"line":42,"column":48}},"type":"binary-expr","locations":[{"start":{"line":42,"column":16},"end":{"line":42,"column":32}},{"start":{"line":42,"column":36},"end":{"line":42,"column":48}}]},"1":{"loc":{"start":{"line":69,"column":4},"end":{"line":71,"column":5}},"type":"if","locations":[{"start":{"line":69,"column":4},"end":{"line":71,"column":5}}]},"2":{"loc":{"start":{"line":83,"column":4},"end":{"line":86,"column":5}},"type":"if","locations":[{"start":{"line":83,"column":4},"end":{"line":86,"column":5}}]},"3":{"loc":{"start":{"line":92,"column":4},"end":{"line":94,"column":5}},"type":"if","locations":[{"start":{"line":92,"column":4},"end":{"line":94,"column":5}}]},"4":{"loc":{"start":{"line":100,"column":16},"end":{"line":100,"column":54}},"type":"binary-expr","locations":[{"start":{"line":100,"column":16},"end":{"line":100,"column":24}},{"start":{"line":100,"column":28},"end":{"line":100,"column":41}},{"start":{"line":100,"column":45},"end":{"line":100,"column":54}}]},"5":{"loc":{"start":{"line":112,"column":4},"end":{"line":114,"column":5}},"type":"if","locations":[{"start":{"line":112,"column":4},"end":{"line":114,"column":5}}]},"6":{"loc":{"start":{"line":124,"column":4},"end":{"line":126,"column":5}},"type":"if","locations":[{"start":{"line":124,"column":4},"end":{"line":126,"column":5}}]},"7":{"loc":{"start":{"line":135,"column":4},"end":{"line":137,"column":5}},"type":"if","locations":[{"start":{"line":135,"column":4},"end":{"line":137,"column":5}}]}},"s":{"0":2,"1":2,"2":2,"3":2,"4":2,"5":2,"6":2,"7":16,"8":16,"9":16,"10":2,"11":2,"12":1,"13":1,"14":1,"15":1,"16":1,"17":1,"18":1,"19":1,"20":1,"21":8,"22":8,"23":2,"24":6,"25":4,"26":4,"27":3,"28":3,"29":1,"30":3,"31":3,"32":1,"33":2,"34":2,"35":2,"36":2,"37":2,"38":1,"39":1,"40":1,"41":3,"42":3,"43":1,"44":2,"45":2,"46":2,"47":2,"48":1,"49":1,"50":2,"51":2},"f":{"0":16,"1":2,"2":1,"3":1,"4":8,"5":4,"6":2,"7":3,"8":2},"b":{"0":[1,0],"1":[2],"2":[1],"3":[1],"4":[2,0,0],"5":[1],"6":[1],"7":[1]}}
,"F:\\claude-project\\nest-demo\\src\\modules\\dining-group\\dto\\add-member.dto.ts": {"path":"F:\\claude-project\\nest-demo\\src\\modules\\dining-group\\dto\\add-member.dto.ts","statementMap":{"0":{"start":{"line":1,"column":0},"end":{"line":1,"column":46}},"1":{"start":{"line":2,"column":0},"end":{"line":2,"column":67}},"2":{"start":{"line":4,"column":0},"end":{"line":4,"column":13}},"3":{"start":{"line":8,"column":2},"end":{"line":8,"column":null}},"4":{"start":{"line":13,"column":2},"end":{"line":13,"column":null}}},"fnMap":{},"branchMap":{},"s":{"0":1,"1":1,"2":1,"3":1,"4":1},"f":{},"b":{}}
,"F:\\claude-project\\nest-demo\\src\\modules\\dining-group\\dto\\create-dining-group.dto.ts": {"path":"F:\\claude-project\\nest-demo\\src\\modules\\dining-group\\dto\\create-dining-group.dto.ts","statementMap":{"0":{"start":{"line":1,"column":0},"end":{"line":1,"column":46}},"1":{"start":{"line":2,"column":0},"end":{"line":2,"column":62}},"2":{"start":{"line":4,"column":0},"end":{"line":4,"column":13}},"3":{"start":{"line":8,"column":2},"end":{"line":8,"column":null}},"4":{"start":{"line":13,"column":2},"end":{"line":13,"column":null}}},"fnMap":{},"branchMap":{},"s":{"0":1,"1":1,"2":1,"3":1,"4":1},"f":{},"b":{}}
,"F:\\claude-project\\nest-demo\\src\\modules\\dining-group\\dto\\update-nickname.dto.ts": {"path":"F:\\claude-project\\nest-demo\\src\\modules\\dining-group\\dto\\update-nickname.dto.ts","statementMap":{"0":{"start":{"line":1,"column":0},"end":{"line":1,"column":46}},"1":{"start":{"line":2,"column":0},"end":{"line":2,"column":62}},"2":{"start":{"line":4,"column":0},"end":{"line":4,"column":13}},"3":{"start":{"line":8,"column":2},"end":{"line":8,"column":null}},"4":{"start":{"line":13,"column":2},"end":{"line":13,"column":null}}},"fnMap":{},"branchMap":{},"s":{"0":1,"1":1,"2":1,"3":1,"4":1},"f":{},"b":{}}
,"F:\\claude-project\\nest-demo\\src\\modules\\dining-group\\entities\\dining-group-member.entity.ts": {"path":"F:\\claude-project\\nest-demo\\src\\modules\\dining-group\\entities\\dining-group-member.entity.ts","statementMap":{"0":{"start":{"line":1,"column":0},"end":{"line":1,"column":null}},"1":{"start":{"line":9,"column":0},"end":{"line":9,"column":46}},"2":{"start":{"line":10,"column":0},"end":{"line":10,"column":52}},"3":{"start":{"line":11,"column":0},"end":{"line":11,"column":55}},"4":{"start":{"line":14,"column":7},"end":{"line":42,"column":null}},"5":{"start":{"line":14,"column":13},"end":{"line":14,"column":30}},"6":{"start":{"line":17,"column":2},"end":{"line":17,"column":null}},"7":{"start":{"line":21,"column":2},"end":{"line":21,"column":null}},"8":{"start":{"line":25,"column":2},"end":{"line":25,"column":null}},"9":{"start":{"line":29,"column":2},"end":{"line":29,"column":null}},"10":{"start":{"line":33,"column":2},"end":{"line":33,"column":null}},"11":{"start":{"line":37,"column":2},"end":{"line":37,"column":null}},"12":{"start":{"line":35,"column":19},"end":{"line":35,"column":30}},"13":{"start":{"line":35,"column":43},"end":{"line":35,"column":56}},"14":{"start":{"line":41,"column":2},"end":{"line":41,"column":null}},"15":{"start":{"line":39,"column":19},"end":{"line":39,"column":23}},"16":{"start":{"line":39,"column":35},"end":{"line":39,"column":52}},"17":{"start":{"line":14,"column":13},"end":{"line":42,"column":null}}},"fnMap":{"0":{"name":"(anonymous_2)","decl":{"start":{"line":35,"column":13},"end":{"line":35,"column":16}},"loc":{"start":{"line":35,"column":19},"end":{"line":35,"column":30}}},"1":{"name":"(anonymous_3)","decl":{"start":{"line":35,"column":32},"end":{"line":35,"column":33}},"loc":{"start":{"line":35,"column":43},"end":{"line":35,"column":56}}},"2":{"name":"(anonymous_4)","decl":{"start":{"line":39,"column":13},"end":{"line":39,"column":16}},"loc":{"start":{"line":39,"column":19},"end":{"line":39,"column":23}}},"3":{"name":"(anonymous_5)","decl":{"start":{"line":39,"column":25},"end":{"line":39,"column":26}},"loc":{"start":{"line":39,"column":35},"end":{"line":39,"column":52}}}},"branchMap":{},"s":{"0":6,"1":6,"2":6,"3":6,"4":6,"5":6,"6":6,"7":6,"8":6,"9":6,"10":6,"11":6,"12":0,"13":0,"14":6,"15":0,"16":0,"17":6},"f":{"0":0,"1":0,"2":0,"3":0},"b":{}}
,"F:\\claude-project\\nest-demo\\src\\modules\\dining-group\\entities\\dining-group.entity.ts": {"path":"F:\\claude-project\\nest-demo\\src\\modules\\dining-group\\entities\\dining-group.entity.ts","statementMap":{"0":{"start":{"line":1,"column":0},"end":{"line":1,"column":null}},"1":{"start":{"line":11,"column":0},"end":{"line":11,"column":46}},"2":{"start":{"line":12,"column":0},"end":{"line":12,"column":65}},"3":{"start":{"line":13,"column":0},"end":{"line":13,"column":55}},"4":{"start":{"line":14,"column":0},"end":{"line":14,"column":58}},"5":{"start":{"line":17,"column":7},"end":{"line":47,"column":null}},"6":{"start":{"line":17,"column":13},"end":{"line":17,"column":24}},"7":{"start":{"line":20,"column":2},"end":{"line":20,"column":null}},"8":{"start":{"line":24,"column":2},"end":{"line":24,"column":null}},"9":{"start":{"line":28,"column":2},"end":{"line":28,"column":null}},"10":{"start":{"line":32,"column":2},"end":{"line":32,"column":null}},"11":{"start":{"line":36,"column":2},"end":{"line":36,"column":null}},"12":{"start":{"line":40,"column":2},"end":{"line":40,"column":null}},"13":{"start":{"line":38,"column":19},"end":{"line":38,"column":23}},"14":{"start":{"line":43,"column":2},"end":{"line":43,"column":null}},"15":{"start":{"line":42,"column":19},"end":{"line":42,"column":36}},"16":{"start":{"line":42,"column":50},"end":{"line":42,"column":62}},"17":{"start":{"line":46,"column":2},"end":{"line":46,"column":null}},"18":{"start":{"line":45,"column":19},"end":{"line":45,"column":24}},"19":{"start":{"line":45,"column":37},"end":{"line":45,"column":48}},"20":{"start":{"line":17,"column":13},"end":{"line":47,"column":null}}},"fnMap":{"0":{"name":"(anonymous_2)","decl":{"start":{"line":38,"column":13},"end":{"line":38,"column":16}},"loc":{"start":{"line":38,"column":19},"end":{"line":38,"column":23}}},"1":{"name":"(anonymous_3)","decl":{"start":{"line":42,"column":13},"end":{"line":42,"column":16}},"loc":{"start":{"line":42,"column":19},"end":{"line":42,"column":36}}},"2":{"name":"(anonymous_4)","decl":{"start":{"line":42,"column":38},"end":{"line":42,"column":39}},"loc":{"start":{"line":42,"column":50},"end":{"line":42,"column":62}}},"3":{"name":"(anonymous_5)","decl":{"start":{"line":45,"column":13},"end":{"line":45,"column":16}},"loc":{"start":{"line":45,"column":19},"end":{"line":45,"column":24}}},"4":{"name":"(anonymous_6)","decl":{"start":{"line":45,"column":26},"end":{"line":45,"column":27}},"loc":{"start":{"line":45,"column":37},"end":{"line":45,"column":48}}}},"branchMap":{},"s":{"0":6,"1":6,"2":6,"3":6,"4":6,"5":6,"6":6,"7":6,"8":6,"9":6,"10":6,"11":6,"12":6,"13":0,"14":6,"15":0,"16":0,"17":6,"18":0,"19":0,"20":6},"f":{"0":0,"1":0,"2":0,"3":0,"4":0},"b":{}}
,"F:\\claude-project\\nest-demo\\src\\modules\\dish\\dish.controller.ts": {"path":"F:\\claude-project\\nest-demo\\src\\modules\\dish\\dish.controller.ts","statementMap":{"0":{"start":{"line":1,"column":0},"end":{"line":1,"column":null}},"1":{"start":{"line":12,"column":0},"end":{"line":12,"column":66}},"2":{"start":{"line":13,"column":0},"end":{"line":13,"column":45}},"3":{"start":{"line":14,"column":0},"end":{"line":14,"column":54}},"4":{"start":{"line":15,"column":0},"end":{"line":15,"column":54}},"5":{"start":{"line":16,"column":0},"end":{"line":16,"column":64}},"6":{"start":{"line":20,"column":7},"end":{"line":59,"column":null}},"7":{"start":{"line":21,"column":31},"end":{"line":21,"column":44}},"8":{"start":{"line":26,"column":4},"end":{"line":26,"column":50}},"9":{"start":{"line":36,"column":4},"end":{"line":36,"column":61}},"10":{"start":{"line":42,"column":4},"end":{"line":42,"column":40}},"11":{"start":{"line":51,"column":4},"end":{"line":51,"column":54}},"12":{"start":{"line":57,"column":4},"end":{"line":57,"column":39}},"13":{"start":{"line":20,"column":13},"end":{"line":20,"column":27}},"14":{"start":{"line":25,"column":2},"end":{"line":27,"column":null}},"15":{"start":{"line":32,"column":2},"end":{"line":37,"column":null}},"16":{"start":{"line":41,"column":2},"end":{"line":43,"column":null}},"17":{"start":{"line":47,"column":2},"end":{"line":52,"column":null}},"18":{"start":{"line":56,"column":2},"end":{"line":58,"column":null}},"19":{"start":{"line":20,"column":13},"end":{"line":59,"column":null}}},"fnMap":{"0":{"name":"(anonymous_4)","decl":{"start":{"line":21,"column":2},"end":{"line":21,"column":31}},"loc":{"start":{"line":21,"column":55},"end":{"line":21,"column":59}}},"1":{"name":"(anonymous_5)","decl":{"start":{"line":25,"column":2},"end":{"line":25,"column":8}},"loc":{"start":{"line":25,"column":45},"end":{"line":27,"column":3}}},"2":{"name":"(anonymous_6)","decl":{"start":{"line":32,"column":2},"end":{"line":32,"column":9}},"loc":{"start":{"line":34,"column":40},"end":{"line":37,"column":3}}},"3":{"name":"(anonymous_7)","decl":{"start":{"line":41,"column":2},"end":{"line":41,"column":9}},"loc":{"start":{"line":41,"column":47},"end":{"line":43,"column":3}}},"4":{"name":"(anonymous_8)","decl":{"start":{"line":47,"column":2},"end":{"line":47,"column":8}},"loc":{"start":{"line":49,"column":40},"end":{"line":52,"column":3}}},"5":{"name":"(anonymous_9)","decl":{"start":{"line":56,"column":2},"end":{"line":56,"column":8}},"loc":{"start":{"line":56,"column":46},"end":{"line":58,"column":3}}}},"branchMap":{},"s":{"0":1,"1":1,"2":1,"3":1,"4":1,"5":1,"6":1,"7":7,"8":1,"9":2,"10":1,"11":1,"12":1,"13":1,"14":1,"15":1,"16":1,"17":1,"18":1,"19":1},"f":{"0":7,"1":1,"2":2,"3":1,"4":1,"5":1},"b":{}}
,"F:\\claude-project\\nest-demo\\src\\modules\\dish\\dish.module.ts": {"path":"F:\\claude-project\\nest-demo\\src\\modules\\dish\\dish.module.ts","statementMap":{"0":{"start":{"line":1,"column":0},"end":{"line":1,"column":40}},"1":{"start":{"line":2,"column":0},"end":{"line":2,"column":48}},"2":{"start":{"line":3,"column":0},"end":{"line":3,"column":45}},"3":{"start":{"line":4,"column":0},"end":{"line":4,"column":51}},"4":{"start":{"line":5,"column":0},"end":{"line":5,"column":46}},"5":{"start":{"line":13,"column":7},"end":{"line":13,"column":null}},"6":{"start":{"line":13,"column":13},"end":{"line":13,"column":23}},"7":{"start":{"line":13,"column":13},"end":{"line":13,"column":null}}},"fnMap":{},"branchMap":{},"s":{"0":0,"1":0,"2":0,"3":0,"4":0,"5":0,"6":0,"7":0},"f":{},"b":{}}
,"F:\\claude-project\\nest-demo\\src\\modules\\dish\\dish.service.ts": {"path":"F:\\claude-project\\nest-demo\\src\\modules\\dish\\dish.service.ts","statementMap":{"0":{"start":{"line":1,"column":0},"end":{"line":1,"column":63}},"1":{"start":{"line":2,"column":0},"end":{"line":2,"column":51}},"2":{"start":{"line":3,"column":0},"end":{"line":3,"column":37}},"3":{"start":{"line":4,"column":0},"end":{"line":4,"column":46}},"4":{"start":{"line":10,"column":7},"end":{"line":64,"column":null}},"5":{"start":{"line":13,"column":21},"end":{"line":13,"column":37}},"6":{"start":{"line":17,"column":17},"end":{"line":17,"column":58}},"7":{"start":{"line":18,"column":4},"end":{"line":18,"column":48}},"8":{"start":{"line":22,"column":31},"end":{"line":22,"column":44}},"9":{"start":{"line":23,"column":17},"end":{"line":23,"column":38}},"10":{"start":{"line":25,"column":23},"end":{"line":25,"column":25}},"11":{"start":{"line":26,"column":4},"end":{"line":28,"column":5}},"12":{"start":{"line":27,"column":6},"end":{"line":27,"column":32}},"13":{"start":{"line":30,"column":26},"end":{"line":35,"column":6}},"14":{"start":{"line":37,"column":4},"end":{"line":42,"column":6}},"15":{"start":{"line":46,"column":17},"end":{"line":46,"column":69}},"16":{"start":{"line":47,"column":4},"end":{"line":49,"column":5}},"17":{"start":{"line":48,"column":6},"end":{"line":48,"column":53}},"18":{"start":{"line":50,"column":4},"end":{"line":50,"column":16}},"19":{"start":{"line":54,"column":17},"end":{"line":54,"column":39}},"20":{"start":{"line":55,"column":4},"end":{"line":55,"column":39}},"21":{"start":{"line":56,"column":4},"end":{"line":56,"column":48}},"22":{"start":{"line":60,"column":17},"end":{"line":60,"column":39}},"23":{"start":{"line":61,"column":4},"end":{"line":61,"column":43}},"24":{"start":{"line":62,"column":4},"end":{"line":62,"column":29}},"25":{"start":{"line":10,"column":13},"end":{"line":10,"column":24}},"26":{"start":{"line":10,"column":13},"end":{"line":64,"column":null}}},"fnMap":{"0":{"name":"(anonymous_4)","decl":{"start":{"line":11,"column":2},"end":{"line":11,"column":null}},"loc":{"start":{"line":13,"column":53},"end":{"line":14,"column":6}}},"1":{"name":"(anonymous_5)","decl":{"start":{"line":16,"column":2},"end":{"line":16,"column":7}},"loc":{"start":{"line":16,"column":43},"end":{"line":19,"column":3}}},"2":{"name":"(anonymous_6)","decl":{"start":{"line":21,"column":2},"end":{"line":21,"column":7}},"loc":{"start":{"line":21,"column":63},"end":{"line":43,"column":3}}},"3":{"name":"(anonymous_7)","decl":{"start":{"line":45,"column":2},"end":{"line":45,"column":7}},"loc":{"start":{"line":45,"column":26},"end":{"line":51,"column":3}}},"4":{"name":"(anonymous_8)","decl":{"start":{"line":53,"column":2},"end":{"line":53,"column":7}},"loc":{"start":{"line":53,"column":55},"end":{"line":57,"column":3}}},"5":{"name":"(anonymous_9)","decl":{"start":{"line":59,"column":2},"end":{"line":59,"column":7}},"loc":{"start":{"line":59,"column":25},"end":{"line":63,"column":3}}}},"branchMap":{"0":{"loc":{"start":{"line":26,"column":4},"end":{"line":28,"column":5}},"type":"if","locations":[{"start":{"line":26,"column":4},"end":{"line":28,"column":5}}]},"1":{"loc":{"start":{"line":47,"column":4},"end":{"line":49,"column":5}},"type":"if","locations":[{"start":{"line":47,"column":4},"end":{"line":49,"column":5}}]}},"s":{"0":2,"1":2,"2":2,"3":2,"4":2,"5":10,"6":1,"7":1,"8":2,"9":2,"10":2,"11":2,"12":1,"13":2,"14":2,"15":6,"16":6,"17":3,"18":3,"19":2,"20":1,"21":1,"22":2,"23":1,"24":1,"25":2,"26":2},"f":{"0":10,"1":1,"2":2,"3":6,"4":2,"5":2},"b":{"0":[1],"1":[3]}}
,"F:\\claude-project\\nest-demo\\src\\modules\\dish\\dto\\create-dish.dto.ts": {"path":"F:\\claude-project\\nest-demo\\src\\modules\\dish\\dto\\create-dish.dto.ts","statementMap":{"0":{"start":{"line":1,"column":0},"end":{"line":1,"column":67}},"1":{"start":{"line":2,"column":0},"end":{"line":2,"column":73}},"2":{"start":{"line":4,"column":0},"end":{"line":4,"column":13}},"3":{"start":{"line":8,"column":2},"end":{"line":8,"column":null}},"4":{"start":{"line":13,"column":2},"end":{"line":13,"column":null}},"5":{"start":{"line":18,"column":2},"end":{"line":18,"column":null}},"6":{"start":{"line":23,"column":2},"end":{"line":23,"column":null}},"7":{"start":{"line":28,"column":2},"end":{"line":28,"column":null}}},"fnMap":{},"branchMap":{},"s":{"0":1,"1":1,"2":1,"3":1,"4":1,"5":1,"6":1,"7":1},"f":{},"b":{}}
,"F:\\claude-project\\nest-demo\\src\\modules\\dish\\dto\\update-dish.dto.ts": {"path":"F:\\claude-project\\nest-demo\\src\\modules\\dish\\dto\\update-dish.dto.ts","statementMap":{"0":{"start":{"line":1,"column":0},"end":{"line":1,"column":46}},"1":{"start":{"line":2,"column":0},"end":{"line":2,"column":50}},"2":{"start":{"line":4,"column":0},"end":{"line":4,"column":13}}},"fnMap":{},"branchMap":{},"s":{"0":1,"1":1,"2":1},"f":{},"b":{}}
,"F:\\claude-project\\nest-demo\\src\\modules\\dish\\entities\\dish.entity.ts": {"path":"F:\\claude-project\\nest-demo\\src\\modules\\dish\\entities\\dish.entity.ts","statementMap":{"0":{"start":{"line":1,"column":0},"end":{"line":1,"column":null}},"1":{"start":{"line":8,"column":0},"end":{"line":8,"column":46}},"2":{"start":{"line":11,"column":7},"end":{"line":43,"column":null}},"3":{"start":{"line":11,"column":13},"end":{"line":11,"column":17}},"4":{"start":{"line":14,"column":2},"end":{"line":14,"column":null}},"5":{"start":{"line":18,"column":2},"end":{"line":18,"column":null}},"6":{"start":{"line":22,"column":2},"end":{"line":22,"column":null}},"7":{"start":{"line":26,"column":2},"end":{"line":26,"column":null}},"8":{"start":{"line":30,"column":2},"end":{"line":30,"column":null}},"9":{"start":{"line":34,"column":2},"end":{"line":34,"column":null}},"10":{"start":{"line":38,"column":2},"end":{"line":38,"column":null}},"11":{"start":{"line":42,"column":2},"end":{"line":42,"column":null}},"12":{"start":{"line":11,"column":13},"end":{"line":43,"column":null}}},"fnMap":{},"branchMap":{},"s":{"0":8,"1":8,"2":8,"3":8,"4":8,"5":8,"6":8,"7":8,"8":8,"9":8,"10":8,"11":8,"12":8},"f":{},"b":{}}
,"F:\\claude-project\\nest-demo\\src\\modules\\order\\order.controller.ts": {"path":"F:\\claude-project\\nest-demo\\src\\modules\\order\\order.controller.ts","statementMap":{"0":{"start":{"line":1,"column":0},"end":{"line":1,"column":null}},"1":{"start":{"line":12,"column":0},"end":{"line":12,"column":66}},"2":{"start":{"line":13,"column":0},"end":{"line":13,"column":47}},"3":{"start":{"line":14,"column":0},"end":{"line":14,"column":56}},"4":{"start":{"line":15,"column":0},"end":{"line":15,"column":56}},"5":{"start":{"line":16,"column":0},"end":{"line":16,"column":69}},"6":{"start":{"line":17,"column":0},"end":{"line":17,"column":65}},"7":{"start":{"line":18,"column":0},"end":{"line":18,"column":64}},"8":{"start":{"line":19,"column":0},"end":{"line":19,"column":95}},"9":{"start":{"line":23,"column":7},"end":{"line":108,"column":null}},"10":{"start":{"line":24,"column":31},"end":{"line":24,"column":45}},"11":{"start":{"line":29,"column":4},"end":{"line":29,"column":52}},"12":{"start":{"line":39,"column":4},"end":{"line":39,"column":60}},"13":{"start":{"line":48,"column":4},"end":{"line":48,"column":67}},"14":{"start":{"line":54,"column":4},"end":{"line":54,"column":41}},"15":{"start":{"line":63,"column":4},"end":{"line":63,"column":56}},"16":{"start":{"line":72,"column":4},"end":{"line":72,"column":90}},"17":{"start":{"line":78,"column":4},"end":{"line":78,"column":40}},"18":{"start":{"line":87,"column":4},"end":{"line":87,"column":66}},"19":{"start":{"line":97,"column":4},"end":{"line":97,"column":69}},"20":{"start":{"line":106,"column":4},"end":{"line":106,"column":57}},"21":{"start":{"line":23,"column":13},"end":{"line":23,"column":28}},"22":{"start":{"line":28,"column":2},"end":{"line":30,"column":null}},"23":{"start":{"line":35,"column":2},"end":{"line":40,"column":null}},"24":{"start":{"line":44,"column":2},"end":{"line":49,"column":null}},"25":{"start":{"line":53,"column":2},"end":{"line":55,"column":null}},"26":{"start":{"line":59,"column":2},"end":{"line":64,"column":null}},"27":{"start":{"line":68,"column":2},"end":{"line":73,"column":null}},"28":{"start":{"line":77,"column":2},"end":{"line":79,"column":null}},"29":{"start":{"line":83,"column":2},"end":{"line":88,"column":null}},"30":{"start":{"line":92,"column":2},"end":{"line":98,"column":null}},"31":{"start":{"line":102,"column":2},"end":{"line":107,"column":null}},"32":{"start":{"line":23,"column":13},"end":{"line":108,"column":null}}},"fnMap":{"0":{"name":"(anonymous_4)","decl":{"start":{"line":24,"column":2},"end":{"line":24,"column":31}},"loc":{"start":{"line":24,"column":57},"end":{"line":24,"column":61}}},"1":{"name":"(anonymous_5)","decl":{"start":{"line":28,"column":2},"end":{"line":28,"column":8}},"loc":{"start":{"line":28,"column":47},"end":{"line":30,"column":3}}},"2":{"name":"(anonymous_6)","decl":{"start":{"line":35,"column":2},"end":{"line":35,"column":9}},"loc":{"start":{"line":37,"column":69},"end":{"line":40,"column":3}}},"3":{"name":"(anonymous_7)","decl":{"start":{"line":44,"column":2},"end":{"line":44,"column":15}},"loc":{"start":{"line":46,"column":41},"end":{"line":49,"column":3}}},"4":{"name":"(anonymous_8)","decl":{"start":{"line":53,"column":2},"end":{"line":53,"column":9}},"loc":{"start":{"line":53,"column":47},"end":{"line":55,"column":3}}},"5":{"name":"(anonymous_9)","decl":{"start":{"line":59,"column":2},"end":{"line":59,"column":8}},"loc":{"start":{"line":61,"column":42},"end":{"line":64,"column":3}}},"6":{"name":"(anonymous_10)","decl":{"start":{"line":68,"column":2},"end":{"line":68,"column":14}},"loc":{"start":{"line":70,"column":54},"end":{"line":73,"column":3}}},"7":{"name":"(anonymous_11)","decl":{"start":{"line":77,"column":2},"end":{"line":77,"column":8}},"loc":{"start":{"line":77,"column":46},"end":{"line":79,"column":3}}},"8":{"name":"(anonymous_12)","decl":{"start":{"line":83,"column":2},"end":{"line":83,"column":9}},"loc":{"start":{"line":85,"column":50},"end":{"line":88,"column":3}}},"9":{"name":"(anonymous_13)","decl":{"start":{"line":92,"column":2},"end":{"line":92,"column":12}},"loc":{"start":{"line":95,"column":51},"end":{"line":98,"column":3}}},"10":{"name":"(anonymous_14)","decl":{"start":{"line":102,"column":2},"end":{"line":102,"column":12}},"loc":{"start":{"line":104,"column":49},"end":{"line":107,"column":3}}}},"branchMap":{},"s":{"0":1,"1":1,"2":1,"3":1,"4":1,"5":1,"6":1,"7":1,"8":1,"9":1,"10":12,"11":1,"12":2,"13":1,"14":1,"15":1,"16":1,"17":1,"18":1,"19":1,"20":1,"21":1,"22":1,"23":1,"24":1,"25":1,"26":1,"27":1,"28":1,"29":1,"30":1,"31":1,"32":1},"f":{"0":12,"1":1,"2":2,"3":1,"4":1,"5":1,"6":1,"7":1,"8":1,"9":1,"10":1},"b":{}}
,"F:\\claude-project\\nest-demo\\src\\modules\\order\\order.module.ts": {"path":"F:\\claude-project\\nest-demo\\src\\modules\\order\\order.module.ts","statementMap":{"0":{"start":{"line":1,"column":0},"end":{"line":1,"column":40}},"1":{"start":{"line":2,"column":0},"end":{"line":2,"column":48}},"2":{"start":{"line":3,"column":0},"end":{"line":3,"column":47}},"3":{"start":{"line":4,"column":0},"end":{"line":4,"column":53}},"4":{"start":{"line":5,"column":0},"end":{"line":5,"column":48}},"5":{"start":{"line":6,"column":0},"end":{"line":6,"column":57}},"6":{"start":{"line":14,"column":7},"end":{"line":14,"column":null}},"7":{"start":{"line":14,"column":13},"end":{"line":14,"column":24}},"8":{"start":{"line":14,"column":13},"end":{"line":14,"column":null}}},"fnMap":{},"branchMap":{},"s":{"0":0,"1":0,"2":0,"3":0,"4":0,"5":0,"6":0,"7":0,"8":0},"f":{},"b":{}}
,"F:\\claude-project\\nest-demo\\src\\modules\\order\\order.service.ts": {"path":"F:\\claude-project\\nest-demo\\src\\modules\\order\\order.service.ts","statementMap":{"0":{"start":{"line":1,"column":0},"end":{"line":1,"column":63}},"1":{"start":{"line":2,"column":0},"end":{"line":2,"column":51}},"2":{"start":{"line":3,"column":0},"end":{"line":3,"column":37}},"3":{"start":{"line":4,"column":0},"end":{"line":4,"column":48}},"4":{"start":{"line":5,"column":0},"end":{"line":5,"column":57}},"5":{"start":{"line":13,"column":7},"end":{"line":146,"column":null}},"6":{"start":{"line":16,"column":21},"end":{"line":16,"column":38}},"7":{"start":{"line":18,"column":21},"end":{"line":18,"column":42}},"8":{"start":{"line":22,"column":17},"end":{"line":22,"column":27}},"9":{"start":{"line":23,"column":22},"end":{"line":23,"column":57}},"10":{"start":{"line":24,"column":19},"end":{"line":26,"column":23}},"11":{"start":{"line":27,"column":4},"end":{"line":27,"column":38}},"12":{"start":{"line":31,"column":36},"end":{"line":31,"column":50}},"13":{"start":{"line":33,"column":18},"end":{"line":37,"column":6}},"14":{"start":{"line":36,"column":33},"end":{"line":36,"column":70}},"15":{"start":{"line":39,"column":4},"end":{"line":39,"column":50}},"16":{"start":{"line":43,"column":31},"end":{"line":43,"column":44}},"17":{"start":{"line":44,"column":17},"end":{"line":44,"column":38}},"18":{"start":{"line":46,"column":23},"end":{"line":46,"column":25}},"19":{"start":{"line":47,"column":4},"end":{"line":49,"column":5}},"20":{"start":{"line":48,"column":6},"end":{"line":48,"column":28}},"21":{"start":{"line":51,"column":26},"end":{"line":57,"column":6}},"22":{"start":{"line":59,"column":4},"end":{"line":64,"column":6}},"23":{"start":{"line":68,"column":31},"end":{"line":68,"column":44}},"24":{"start":{"line":69,"column":17},"end":{"line":69,"column":38}},"25":{"start":{"line":71,"column":26},"end":{"line":77,"column":6}},"26":{"start":{"line":79,"column":4},"end":{"line":84,"column":6}},"27":{"start":{"line":88,"column":18},"end":{"line":91,"column":6}},"28":{"start":{"line":92,"column":4},"end":{"line":94,"column":5}},"29":{"start":{"line":93,"column":6},"end":{"line":93,"column":53}},"30":{"start":{"line":95,"column":4},"end":{"line":95,"column":17}},"31":{"start":{"line":99,"column":18},"end":{"line":99,"column":40}},"32":{"start":{"line":100,"column":4},"end":{"line":100,"column":41}},"33":{"start":{"line":101,"column":4},"end":{"line":101,"column":50}},"34":{"start":{"line":105,"column":18},"end":{"line":105,"column":40}},"35":{"start":{"line":106,"column":4},"end":{"line":106,"column":26}},"36":{"start":{"line":107,"column":4},"end":{"line":107,"column":50}},"37":{"start":{"line":111,"column":18},"end":{"line":111,"column":40}},"38":{"start":{"line":112,"column":4},"end":{"line":112,"column":45}},"39":{"start":{"line":113,"column":4},"end":{"line":113,"column":29}},"40":{"start":{"line":117,"column":18},"end":{"line":117,"column":45}},"41":{"start":{"line":118,"column":17},"end":{"line":121,"column":6}},"42":{"start":{"line":122,"column":4},"end":{"line":122,"column":53}},"43":{"start":{"line":126,"column":17},"end":{"line":128,"column":6}},"44":{"start":{"line":129,"column":4},"end":{"line":131,"column":5}},"45":{"start":{"line":130,"column":6},"end":{"line":130,"column":58}},"46":{"start":{"line":132,"column":4},"end":{"line":132,"column":36}},"47":{"start":{"line":133,"column":4},"end":{"line":133,"column":53}},"48":{"start":{"line":137,"column":17},"end":{"line":139,"column":6}},"49":{"start":{"line":140,"column":4},"end":{"line":142,"column":5}},"50":{"start":{"line":141,"column":6},"end":{"line":141,"column":58}},"51":{"start":{"line":143,"column":4},"end":{"line":143,"column":48}},"52":{"start":{"line":144,"column":4},"end":{"line":144,"column":29}},"53":{"start":{"line":13,"column":13},"end":{"line":13,"column":25}},"54":{"start":{"line":13,"column":13},"end":{"line":146,"column":null}}},"fnMap":{"0":{"name":"(anonymous_4)","decl":{"start":{"line":14,"column":2},"end":{"line":14,"column":null}},"loc":{"start":{"line":18,"column":63},"end":{"line":19,"column":6}}},"1":{"name":"(anonymous_5)","decl":{"start":{"line":21,"column":10},"end":{"line":21,"column":25}},"loc":{"start":{"line":21,"column":25},"end":{"line":28,"column":3}}},"2":{"name":"(anonymous_6)","decl":{"start":{"line":30,"column":2},"end":{"line":30,"column":7}},"loc":{"start":{"line":30,"column":45},"end":{"line":40,"column":3}}},"3":{"name":"(anonymous_7)","decl":{"start":{"line":36,"column":23},"end":{"line":36,"column":24}},"loc":{"start":{"line":36,"column":33},"end":{"line":36,"column":70}}},"4":{"name":"(anonymous_8)","decl":{"start":{"line":42,"column":2},"end":{"line":42,"column":7}},"loc":{"start":{"line":42,"column":61},"end":{"line":65,"column":3}}},"5":{"name":"(anonymous_9)","decl":{"start":{"line":67,"column":2},"end":{"line":67,"column":7}},"loc":{"start":{"line":67,"column":67},"end":{"line":85,"column":3}}},"6":{"name":"(anonymous_10)","decl":{"start":{"line":87,"column":2},"end":{"line":87,"column":7}},"loc":{"start":{"line":87,"column":26},"end":{"line":96,"column":3}}},"7":{"name":"(anonymous_11)","decl":{"start":{"line":98,"column":2},"end":{"line":98,"column":7}},"loc":{"start":{"line":98,"column":57},"end":{"line":102,"column":3}}},"8":{"name":"(anonymous_12)","decl":{"start":{"line":104,"column":2},"end":{"line":104,"column":7}},"loc":{"start":{"line":104,"column":52},"end":{"line":108,"column":3}}},"9":{"name":"(anonymous_13)","decl":{"start":{"line":110,"column":2},"end":{"line":110,"column":7}},"loc":{"start":{"line":110,"column":25},"end":{"line":114,"column":3}}},"10":{"name":"(anonymous_14)","decl":{"start":{"line":116,"column":2},"end":{"line":116,"column":7}},"loc":{"start":{"line":116,"column":71},"end":{"line":123,"column":3}}},"11":{"name":"(anonymous_15)","decl":{"start":{"line":125,"column":2},"end":{"line":125,"column":7}},"loc":{"start":{"line":125,"column":91},"end":{"line":134,"column":3}}},"12":{"name":"(anonymous_16)","decl":{"start":{"line":136,"column":2},"end":{"line":136,"column":7}},"loc":{"start":{"line":136,"column":50},"end":{"line":145,"column":3}}}},"branchMap":{"0":{"loc":{"start":{"line":47,"column":4},"end":{"line":49,"column":5}},"type":"if","locations":[{"start":{"line":47,"column":4},"end":{"line":49,"column":5}}]},"1":{"loc":{"start":{"line":92,"column":4},"end":{"line":94,"column":5}},"type":"if","locations":[{"start":{"line":92,"column":4},"end":{"line":94,"column":5}}]},"2":{"loc":{"start":{"line":129,"column":4},"end":{"line":131,"column":5}},"type":"if","locations":[{"start":{"line":129,"column":4},"end":{"line":131,"column":5}}]},"3":{"loc":{"start":{"line":140,"column":4},"end":{"line":142,"column":5}},"type":"if","locations":[{"start":{"line":140,"column":4},"end":{"line":142,"column":5}}]}},"s":{"0":2,"1":2,"2":2,"3":2,"4":2,"5":2,"6":17,"7":17,"8":1,"9":1,"10":1,"11":1,"12":1,"13":1,"14":1,"15":1,"16":2,"17":2,"18":2,"19":2,"20":1,"21":2,"22":2,"23":1,"24":1,"25":1,"26":1,"27":8,"28":8,"29":3,"30":5,"31":2,"32":1,"33":1,"34":1,"35":1,"36":1,"37":2,"38":1,"39":1,"40":1,"41":1,"42":1,"43":2,"44":2,"45":1,"46":1,"47":1,"48":2,"49":2,"50":1,"51":1,"52":1,"53":2,"54":2},"f":{"0":17,"1":1,"2":1,"3":1,"4":2,"5":1,"6":8,"7":2,"8":1,"9":2,"10":1,"11":2,"12":2},"b":{"0":[1],"1":[3],"2":[1],"3":[1]}}
,"F:\\claude-project\\nest-demo\\src\\modules\\order\\dto\\create-order-item.dto.ts": {"path":"F:\\claude-project\\nest-demo\\src\\modules\\order\\dto\\create-order-item.dto.ts","statementMap":{"0":{"start":{"line":1,"column":0},"end":{"line":1,"column":67}},"1":{"start":{"line":2,"column":0},"end":{"line":2,"column":79}},"2":{"start":{"line":14,"column":2},"end":{"line":14,"column":23}},"3":{"start":{"line":4,"column":0},"end":{"line":4,"column":13}},"4":{"start":{"line":8,"column":2},"end":{"line":8,"column":null}},"5":{"start":{"line":14,"column":2},"end":{"line":14,"column":null}},"6":{"start":{"line":19,"column":2},"end":{"line":19,"column":null}}},"fnMap":{"0":{"name":"(anonymous_2)","decl":{"start":{"line":4,"column":0},"end":{"line":4,"column":13}},"loc":{"start":{"line":4,"column":0},"end":{"line":20,"column":1}}}},"branchMap":{},"s":{"0":1,"1":1,"2":0,"3":1,"4":1,"5":1,"6":1},"f":{"0":0},"b":{}}
,"F:\\claude-project\\nest-demo\\src\\modules\\order\\dto\\create-order.dto.ts": {"path":"F:\\claude-project\\nest-demo\\src\\modules\\order\\dto\\create-order.dto.ts","statementMap":{"0":{"start":{"line":1,"column":0},"end":{"line":1,"column":67}},"1":{"start":{"line":2,"column":0},"end":{"line":2,"column":null}},"2":{"start":{"line":10,"column":0},"end":{"line":10,"column":41}},"3":{"start":{"line":11,"column":0},"end":{"line":11,"column":61}},"4":{"start":{"line":13,"column":0},"end":{"line":13,"column":13}},"5":{"start":{"line":17,"column":2},"end":{"line":17,"column":null}},"6":{"start":{"line":22,"column":2},"end":{"line":22,"column":null}},"7":{"start":{"line":27,"column":2},"end":{"line":27,"column":null}},"8":{"start":{"line":32,"column":2},"end":{"line":32,"column":null}},"9":{"start":{"line":38,"column":2},"end":{"line":38,"column":null}},"10":{"start":{"line":37,"column":14},"end":{"line":37,"column":32}}},"fnMap":{"0":{"name":"(anonymous_2)","decl":{"start":{"line":37,"column":8},"end":{"line":37,"column":11}},"loc":{"start":{"line":37,"column":14},"end":{"line":37,"column":32}}}},"branchMap":{},"s":{"0":1,"1":1,"2":1,"3":1,"4":1,"5":1,"6":1,"7":1,"8":1,"9":1,"10":0},"f":{"0":0},"b":{}}
,"F:\\claude-project\\nest-demo\\src\\modules\\order\\dto\\update-order-status.dto.ts": {"path":"F:\\claude-project\\nest-demo\\src\\modules\\order\\dto\\update-order-status.dto.ts","statementMap":{"0":{"start":{"line":1,"column":0},"end":{"line":1,"column":46}},"1":{"start":{"line":2,"column":0},"end":{"line":2,"column":51}},"2":{"start":{"line":4,"column":0},"end":{"line":4,"column":13}},"3":{"start":{"line":10,"column":2},"end":{"line":10,"column":null}}},"fnMap":{},"branchMap":{},"s":{"0":1,"1":1,"2":1,"3":1},"f":{},"b":{}}
,"F:\\claude-project\\nest-demo\\src\\modules\\order\\dto\\update-order.dto.ts": {"path":"F:\\claude-project\\nest-demo\\src\\modules\\order\\dto\\update-order.dto.ts","statementMap":{"0":{"start":{"line":1,"column":0},"end":{"line":1,"column":54}},"1":{"start":{"line":2,"column":0},"end":{"line":2,"column":55}},"2":{"start":{"line":4,"column":0},"end":{"line":4,"column":13}},"3":{"start":{"line":8,"column":2},"end":{"line":8,"column":null}},"4":{"start":{"line":13,"column":2},"end":{"line":13,"column":null}}},"fnMap":{},"branchMap":{},"s":{"0":1,"1":1,"2":1,"3":1,"4":1},"f":{},"b":{}}
,"F:\\claude-project\\nest-demo\\src\\modules\\order\\entities\\order-item.entity.ts": {"path":"F:\\claude-project\\nest-demo\\src\\modules\\order\\entities\\order-item.entity.ts","statementMap":{"0":{"start":{"line":1,"column":0},"end":{"line":1,"column":null}},"1":{"start":{"line":8,"column":0},"end":{"line":8,"column":46}},"2":{"start":{"line":9,"column":0},"end":{"line":9,"column":39}},"3":{"start":{"line":10,"column":0},"end":{"line":10,"column":55}},"4":{"start":{"line":13,"column":7},"end":{"line":41,"column":null}},"5":{"start":{"line":13,"column":13},"end":{"line":13,"column":22}},"6":{"start":{"line":16,"column":2},"end":{"line":16,"column":null}},"7":{"start":{"line":20,"column":2},"end":{"line":20,"column":null}},"8":{"start":{"line":24,"column":2},"end":{"line":24,"column":null}},"9":{"start":{"line":28,"column":2},"end":{"line":28,"column":null}},"10":{"start":{"line":32,"column":2},"end":{"line":32,"column":null}},"11":{"start":{"line":36,"column":2},"end":{"line":36,"column":null}},"12":{"start":{"line":34,"column":19},"end":{"line":34,"column":24}},"13":{"start":{"line":34,"column":37},"end":{"line":34,"column":48}},"14":{"start":{"line":40,"column":2},"end":{"line":40,"column":null}},"15":{"start":{"line":38,"column":19},"end":{"line":38,"column":23}},"16":{"start":{"line":13,"column":13},"end":{"line":41,"column":null}}},"fnMap":{"0":{"name":"(anonymous_2)","decl":{"start":{"line":34,"column":13},"end":{"line":34,"column":16}},"loc":{"start":{"line":34,"column":19},"end":{"line":34,"column":24}}},"1":{"name":"(anonymous_3)","decl":{"start":{"line":34,"column":26},"end":{"line":34,"column":27}},"loc":{"start":{"line":34,"column":37},"end":{"line":34,"column":48}}},"2":{"name":"(anonymous_4)","decl":{"start":{"line":38,"column":13},"end":{"line":38,"column":16}},"loc":{"start":{"line":38,"column":19},"end":{"line":38,"column":23}}}},"branchMap":{},"s":{"0":6,"1":6,"2":6,"3":6,"4":6,"5":6,"6":6,"7":6,"8":6,"9":6,"10":6,"11":6,"12":0,"13":0,"14":6,"15":0,"16":6},"f":{"0":0,"1":0,"2":0},"b":{}}
,"F:\\claude-project\\nest-demo\\src\\modules\\order\\entities\\order.entity.ts": {"path":"F:\\claude-project\\nest-demo\\src\\modules\\order\\entities\\order.entity.ts","statementMap":{"0":{"start":{"line":1,"column":0},"end":{"line":1,"column":null}},"1":{"start":{"line":11,"column":0},"end":{"line":11,"column":46}},"2":{"start":{"line":12,"column":0},"end":{"line":12,"column":55}},"3":{"start":{"line":13,"column":0},"end":{"line":13,"column":78}},"4":{"start":{"line":14,"column":0},"end":{"line":14,"column":48}},"5":{"start":{"line":17,"column":7},"end":{"line":64,"column":null}},"6":{"start":{"line":17,"column":13},"end":{"line":17,"column":18}},"7":{"start":{"line":20,"column":2},"end":{"line":20,"column":null}},"8":{"start":{"line":24,"column":2},"end":{"line":24,"column":null}},"9":{"start":{"line":28,"column":2},"end":{"line":28,"column":null}},"10":{"start":{"line":32,"column":2},"end":{"line":32,"column":null}},"11":{"start":{"line":36,"column":2},"end":{"line":36,"column":null}},"12":{"start":{"line":40,"column":2},"end":{"line":40,"column":null}},"13":{"start":{"line":44,"column":2},"end":{"line":44,"column":null}},"14":{"start":{"line":48,"column":2},"end":{"line":48,"column":null}},"15":{"start":{"line":52,"column":2},"end":{"line":52,"column":null}},"16":{"start":{"line":56,"column":2},"end":{"line":56,"column":null}},"17":{"start":{"line":54,"column":19},"end":{"line":54,"column":23}},"18":{"start":{"line":54,"column":35},"end":{"line":54,"column":46}},"19":{"start":{"line":60,"column":2},"end":{"line":60,"column":null}},"20":{"start":{"line":58,"column":19},"end":{"line":58,"column":30}},"21":{"start":{"line":58,"column":43},"end":{"line":58,"column":55}},"22":{"start":{"line":63,"column":2},"end":{"line":63,"column":null}},"23":{"start":{"line":62,"column":19},"end":{"line":62,"column":28}},"24":{"start":{"line":62,"column":40},"end":{"line":62,"column":50}},"25":{"start":{"line":17,"column":13},"end":{"line":64,"column":null}}},"fnMap":{"0":{"name":"(anonymous_2)","decl":{"start":{"line":54,"column":13},"end":{"line":54,"column":16}},"loc":{"start":{"line":54,"column":19},"end":{"line":54,"column":23}}},"1":{"name":"(anonymous_3)","decl":{"start":{"line":54,"column":25},"end":{"line":54,"column":26}},"loc":{"start":{"line":54,"column":35},"end":{"line":54,"column":46}}},"2":{"name":"(anonymous_4)","decl":{"start":{"line":58,"column":13},"end":{"line":58,"column":16}},"loc":{"start":{"line":58,"column":19},"end":{"line":58,"column":30}}},"3":{"name":"(anonymous_5)","decl":{"start":{"line":58,"column":32},"end":{"line":58,"column":33}},"loc":{"start":{"line":58,"column":43},"end":{"line":58,"column":55}}},"4":{"name":"(anonymous_6)","decl":{"start":{"line":62,"column":13},"end":{"line":62,"column":16}},"loc":{"start":{"line":62,"column":19},"end":{"line":62,"column":28}}},"5":{"name":"(anonymous_7)","decl":{"start":{"line":62,"column":30},"end":{"line":62,"column":31}},"loc":{"start":{"line":62,"column":40},"end":{"line":62,"column":50}}}},"branchMap":{},"s":{"0":6,"1":6,"2":6,"3":6,"4":6,"5":6,"6":6,"7":6,"8":6,"9":6,"10":6,"11":6,"12":6,"13":6,"14":6,"15":6,"16":6,"17":0,"18":0,"19":6,"20":0,"21":0,"22":6,"23":0,"24":0,"25":6},"f":{"0":0,"1":0,"2":0,"3":0,"4":0,"5":0},"b":{}}
,"F:\\claude-project\\nest-demo\\src\\modules\\user\\user.controller.ts": {"path":"F:\\claude-project\\nest-demo\\src\\modules\\user\\user.controller.ts","statementMap":{"0":{"start":{"line":1,"column":0},"end":{"line":1,"column":null}},"1":{"start":{"line":12,"column":0},"end":{"line":12,"column":69}},"2":{"start":{"line":13,"column":0},"end":{"line":13,"column":45}},"3":{"start":{"line":14,"column":0},"end":{"line":14,"column":54}},"4":{"start":{"line":15,"column":0},"end":{"line":15,"column":54}},"5":{"start":{"line":16,"column":0},"end":{"line":16,"column":64}},"6":{"start":{"line":17,"column":0},"end":{"line":17,"column":46}},"7":{"start":{"line":21,"column":7},"end":{"line":59,"column":null}},"8":{"start":{"line":22,"column":31},"end":{"line":22,"column":44}},"9":{"start":{"line":28,"column":4},"end":{"line":28,"column":50}},"10":{"start":{"line":34,"column":4},"end":{"line":34,"column":51}},"11":{"start":{"line":42,"column":4},"end":{"line":42,"column":40}},"12":{"start":{"line":51,"column":4},"end":{"line":51,"column":54}},"13":{"start":{"line":57,"column":4},"end":{"line":57,"column":39}},"14":{"start":{"line":21,"column":13},"end":{"line":21,"column":27}},"15":{"start":{"line":27,"column":2},"end":{"line":29,"column":null}},"16":{"start":{"line":33,"column":2},"end":{"line":35,"column":null}},"17":{"start":{"line":41,"column":2},"end":{"line":43,"column":null}},"18":{"start":{"line":47,"column":2},"end":{"line":52,"column":null}},"19":{"start":{"line":56,"column":2},"end":{"line":58,"column":null}},"20":{"start":{"line":21,"column":13},"end":{"line":59,"column":null}}},"fnMap":{"0":{"name":"(anonymous_4)","decl":{"start":{"line":22,"column":2},"end":{"line":22,"column":31}},"loc":{"start":{"line":22,"column":55},"end":{"line":22,"column":59}}},"1":{"name":"(anonymous_5)","decl":{"start":{"line":27,"column":2},"end":{"line":27,"column":8}},"loc":{"start":{"line":27,"column":45},"end":{"line":29,"column":3}}},"2":{"name":"(anonymous_6)","decl":{"start":{"line":33,"column":2},"end":{"line":33,"column":9}},"loc":{"start":{"line":33,"column":47},"end":{"line":35,"column":3}}},"3":{"name":"(anonymous_7)","decl":{"start":{"line":41,"column":2},"end":{"line":41,"column":9}},"loc":{"start":{"line":41,"column":47},"end":{"line":43,"column":3}}},"4":{"name":"(anonymous_8)","decl":{"start":{"line":47,"column":2},"end":{"line":47,"column":8}},"loc":{"start":{"line":49,"column":40},"end":{"line":52,"column":3}}},"5":{"name":"(anonymous_9)","decl":{"start":{"line":56,"column":2},"end":{"line":56,"column":8}},"loc":{"start":{"line":56,"column":46},"end":{"line":58,"column":3}}}},"branchMap":{},"s":{"0":1,"1":1,"2":1,"3":1,"4":1,"5":1,"6":1,"7":1,"8":6,"9":1,"10":1,"11":1,"12":1,"13":1,"14":1,"15":1,"16":1,"17":1,"18":1,"19":1,"20":1},"f":{"0":6,"1":1,"2":1,"3":1,"4":1,"5":1},"b":{}}
,"F:\\claude-project\\nest-demo\\src\\modules\\user\\user.module.ts": {"path":"F:\\claude-project\\nest-demo\\src\\modules\\user\\user.module.ts","statementMap":{"0":{"start":{"line":1,"column":0},"end":{"line":1,"column":40}},"1":{"start":{"line":2,"column":0},"end":{"line":2,"column":48}},"2":{"start":{"line":3,"column":0},"end":{"line":3,"column":45}},"3":{"start":{"line":4,"column":0},"end":{"line":4,"column":51}},"4":{"start":{"line":5,"column":0},"end":{"line":5,"column":46}},"5":{"start":{"line":13,"column":7},"end":{"line":13,"column":null}},"6":{"start":{"line":13,"column":13},"end":{"line":13,"column":23}},"7":{"start":{"line":13,"column":13},"end":{"line":13,"column":null}}},"fnMap":{},"branchMap":{},"s":{"0":0,"1":0,"2":0,"3":0,"4":0,"5":0,"6":0,"7":0},"f":{},"b":{}}
,"F:\\claude-project\\nest-demo\\src\\modules\\user\\user.service.ts": {"path":"F:\\claude-project\\nest-demo\\src\\modules\\user\\user.service.ts","statementMap":{"0":{"start":{"line":1,"column":0},"end":{"line":1,"column":63}},"1":{"start":{"line":2,"column":0},"end":{"line":2,"column":51}},"2":{"start":{"line":3,"column":0},"end":{"line":3,"column":37}},"3":{"start":{"line":4,"column":0},"end":{"line":4,"column":46}},"4":{"start":{"line":10,"column":7},"end":{"line":70,"column":null}},"5":{"start":{"line":13,"column":21},"end":{"line":13,"column":37}},"6":{"start":{"line":18,"column":21},"end":{"line":20,"column":6}},"7":{"start":{"line":21,"column":4},"end":{"line":23,"column":5}},"8":{"start":{"line":22,"column":6},"end":{"line":22,"column":22}},"9":{"start":{"line":25,"column":17},"end":{"line":25,"column":58}},"10":{"start":{"line":26,"column":4},"end":{"line":26,"column":48}},"11":{"start":{"line":30,"column":31},"end":{"line":30,"column":44}},"12":{"start":{"line":31,"column":17},"end":{"line":31,"column":38}},"13":{"start":{"line":33,"column":26},"end":{"line":37,"column":6}},"14":{"start":{"line":39,"column":4},"end":{"line":44,"column":6}},"15":{"start":{"line":48,"column":17},"end":{"line":48,"column":69}},"16":{"start":{"line":49,"column":4},"end":{"line":51,"column":5}},"17":{"start":{"line":50,"column":6},"end":{"line":50,"column":53}},"18":{"start":{"line":52,"column":4},"end":{"line":52,"column":16}},"19":{"start":{"line":56,"column":4},"end":{"line":56,"column":68}},"20":{"start":{"line":60,"column":17},"end":{"line":60,"column":39}},"21":{"start":{"line":61,"column":4},"end":{"line":61,"column":39}},"22":{"start":{"line":62,"column":4},"end":{"line":62,"column":48}},"23":{"start":{"line":66,"column":17},"end":{"line":66,"column":39}},"24":{"start":{"line":67,"column":4},"end":{"line":67,"column":43}},"25":{"start":{"line":68,"column":4},"end":{"line":68,"column":29}},"26":{"start":{"line":10,"column":13},"end":{"line":10,"column":24}},"27":{"start":{"line":10,"column":13},"end":{"line":70,"column":null}}},"fnMap":{"0":{"name":"(anonymous_4)","decl":{"start":{"line":11,"column":2},"end":{"line":11,"column":null}},"loc":{"start":{"line":13,"column":53},"end":{"line":14,"column":6}}},"1":{"name":"(anonymous_5)","decl":{"start":{"line":16,"column":2},"end":{"line":16,"column":7}},"loc":{"start":{"line":16,"column":43},"end":{"line":27,"column":3}}},"2":{"name":"(anonymous_6)","decl":{"start":{"line":29,"column":2},"end":{"line":29,"column":7}},"loc":{"start":{"line":29,"column":44},"end":{"line":45,"column":3}}},"3":{"name":"(anonymous_7)","decl":{"start":{"line":47,"column":2},"end":{"line":47,"column":7}},"loc":{"start":{"line":47,"column":26},"end":{"line":53,"column":3}}},"4":{"name":"(anonymous_8)","decl":{"start":{"line":55,"column":2},"end":{"line":55,"column":7}},"loc":{"start":{"line":55,"column":35},"end":{"line":57,"column":3}}},"5":{"name":"(anonymous_9)","decl":{"start":{"line":59,"column":2},"end":{"line":59,"column":7}},"loc":{"start":{"line":59,"column":55},"end":{"line":63,"column":3}}},"6":{"name":"(anonymous_10)","decl":{"start":{"line":65,"column":2},"end":{"line":65,"column":7}},"loc":{"start":{"line":65,"column":25},"end":{"line":69,"column":3}}}},"branchMap":{"0":{"loc":{"start":{"line":21,"column":4},"end":{"line":23,"column":5}},"type":"if","locations":[{"start":{"line":21,"column":4},"end":{"line":23,"column":5}}]},"1":{"loc":{"start":{"line":49,"column":4},"end":{"line":51,"column":5}},"type":"if","locations":[{"start":{"line":49,"column":4},"end":{"line":51,"column":5}}]}},"s":{"0":4,"1":4,"2":4,"3":4,"4":4,"5":13,"6":2,"7":2,"8":1,"9":1,"10":1,"11":2,"12":2,"13":2,"14":2,"15":6,"16":6,"17":3,"18":3,"19":2,"20":2,"21":1,"22":1,"23":2,"24":1,"25":1,"26":4,"27":4},"f":{"0":13,"1":2,"2":2,"3":6,"4":2,"5":2,"6":2},"b":{"0":[1],"1":[3]}}
,"F:\\claude-project\\nest-demo\\src\\modules\\user\\dto\\create-user.dto.ts": {"path":"F:\\claude-project\\nest-demo\\src\\modules\\user\\dto\\create-user.dto.ts","statementMap":{"0":{"start":{"line":1,"column":0},"end":{"line":1,"column":67}},"1":{"start":{"line":2,"column":0},"end":{"line":2,"column":76}},"2":{"start":{"line":4,"column":0},"end":{"line":4,"column":13}},"3":{"start":{"line":8,"column":2},"end":{"line":8,"column":null}},"4":{"start":{"line":13,"column":2},"end":{"line":13,"column":null}},"5":{"start":{"line":18,"column":2},"end":{"line":18,"column":null}},"6":{"start":{"line":23,"column":2},"end":{"line":23,"column":null}},"7":{"start":{"line":28,"column":2},"end":{"line":28,"column":null}},"8":{"start":{"line":33,"column":2},"end":{"line":33,"column":null}},"9":{"start":{"line":38,"column":2},"end":{"line":38,"column":null}}},"fnMap":{},"branchMap":{},"s":{"0":1,"1":1,"2":1,"3":1,"4":1,"5":1,"6":1,"7":1,"8":1,"9":1},"f":{},"b":{}}
,"F:\\claude-project\\nest-demo\\src\\modules\\user\\dto\\update-user.dto.ts": {"path":"F:\\claude-project\\nest-demo\\src\\modules\\user\\dto\\update-user.dto.ts","statementMap":{"0":{"start":{"line":1,"column":0},"end":{"line":1,"column":67}},"1":{"start":{"line":2,"column":0},"end":{"line":2,"column":64}},"2":{"start":{"line":3,"column":0},"end":{"line":3,"column":50}},"3":{"start":{"line":5,"column":0},"end":{"line":5,"column":13}},"4":{"start":{"line":9,"column":2},"end":{"line":9,"column":null}},"5":{"start":{"line":14,"column":2},"end":{"line":14,"column":null}},"6":{"start":{"line":19,"column":2},"end":{"line":19,"column":null}},"7":{"start":{"line":24,"column":2},"end":{"line":24,"column":null}},"8":{"start":{"line":29,"column":2},"end":{"line":29,"column":null}},"9":{"start":{"line":34,"column":2},"end":{"line":34,"column":null}}},"fnMap":{},"branchMap":{},"s":{"0":1,"1":1,"2":1,"3":1,"4":1,"5":1,"6":1,"7":1,"8":1,"9":1},"f":{},"b":{}}
,"F:\\claude-project\\nest-demo\\src\\modules\\user\\entities\\user.entity.ts": {"path":"F:\\claude-project\\nest-demo\\src\\modules\\user\\entities\\user.entity.ts","statementMap":{"0":{"start":{"line":1,"column":0},"end":{"line":1,"column":null}},"1":{"start":{"line":9,"column":0},"end":{"line":9,"column":46}},"2":{"start":{"line":10,"column":0},"end":{"line":10,"column":58}},"3":{"start":{"line":11,"column":0},"end":{"line":11,"column":91}},"4":{"start":{"line":14,"column":7},"end":{"line":60,"column":null}},"5":{"start":{"line":14,"column":13},"end":{"line":14,"column":17}},"6":{"start":{"line":17,"column":2},"end":{"line":17,"column":null}},"7":{"start":{"line":21,"column":2},"end":{"line":21,"column":null}},"8":{"start":{"line":25,"column":2},"end":{"line":25,"column":null}},"9":{"start":{"line":29,"column":2},"end":{"line":29,"column":null}},"10":{"start":{"line":33,"column":2},"end":{"line":33,"column":null}},"11":{"start":{"line":37,"column":2},"end":{"line":37,"column":null}},"12":{"start":{"line":41,"column":2},"end":{"line":41,"column":null}},"13":{"start":{"line":45,"column":2},"end":{"line":45,"column":null}},"14":{"start":{"line":49,"column":2},"end":{"line":49,"column":null}},"15":{"start":{"line":53,"column":2},"end":{"line":53,"column":null}},"16":{"start":{"line":56,"column":2},"end":{"line":56,"column":null}},"17":{"start":{"line":55,"column":19},"end":{"line":55,"column":24}},"18":{"start":{"line":55,"column":37},"end":{"line":55,"column":47}},"19":{"start":{"line":59,"column":2},"end":{"line":59,"column":null}},"20":{"start":{"line":58,"column":19},"end":{"line":58,"column":36}},"21":{"start":{"line":58,"column":50},"end":{"line":58,"column":61}},"22":{"start":{"line":14,"column":13},"end":{"line":60,"column":null}}},"fnMap":{"0":{"name":"(anonymous_2)","decl":{"start":{"line":55,"column":13},"end":{"line":55,"column":16}},"loc":{"start":{"line":55,"column":19},"end":{"line":55,"column":24}}},"1":{"name":"(anonymous_3)","decl":{"start":{"line":55,"column":26},"end":{"line":55,"column":27}},"loc":{"start":{"line":55,"column":37},"end":{"line":55,"column":47}}},"2":{"name":"(anonymous_4)","decl":{"start":{"line":58,"column":13},"end":{"line":58,"column":16}},"loc":{"start":{"line":58,"column":19},"end":{"line":58,"column":36}}},"3":{"name":"(anonymous_5)","decl":{"start":{"line":58,"column":38},"end":{"line":58,"column":39}},"loc":{"start":{"line":58,"column":50},"end":{"line":58,"column":61}}}},"branchMap":{},"s":{"0":6,"1":6,"2":6,"3":6,"4":6,"5":6,"6":6,"7":6,"8":6,"9":6,"10":6,"11":6,"12":6,"13":6,"14":6,"15":6,"16":6,"17":0,"18":0,"19":6,"20":0,"21":0,"22":6},"f":{"0":0,"1":0,"2":0,"3":0},"b":{}}
}
