TN:
SF:src\app.module.ts
FN:16,(anonymous_1)
FNF:1
FNH:0
FNDA:0,(anonymous_1)
DA:1,0
DA:2,0
DA:3,0
DA:4,0
DA:5,0
DA:6,0
DA:7,0
DA:16,0
DA:36,0
LF:9
LH:0
BRF:0
BRH:0
end_of_record
TN:
SF:src\main.ts
FN:9,bootstrap
FNF:1
FNH:0
FNDA:0,bootstrap
DA:1,0
DA:2,0
DA:3,0
DA:4,0
DA:5,0
DA:6,0
DA:7,0
DA:10,0
DA:13,0
DA:16,0
DA:22,0
DA:28,0
DA:31,0
DA:36,0
DA:37,0
DA:40,0
DA:42,0
DA:43,0
DA:46,0
LF:19
LH:0
BRDA:42,0,0,0
BRDA:42,0,1,0
BRF:2
BRH:0
end_of_record
TN:
SF:src\common\dto\pagination.dto.ts
FN:5,(anonymous_2)
FN:8,(anonymous_3)
FN:15,(anonymous_4)
FNF:3
FNH:0
FNDA:0,(anonymous_2)
FNDA:0,(anonymous_3)
FNDA:0,(anonymous_4)
DA:1,3
DA:2,3
DA:3,3
DA:5,3
DA:8,0
DA:11,3
DA:15,0
DA:18,3
LF:8
LH:6
BRF:0
BRH:0
end_of_record
TN:
SF:src\common\filters\http-exception.filter.ts
FN:11,(anonymous_1)
FN:14,(anonymous_2)
FNF:2
FNH:0
FNDA:0,(anonymous_1)
FNDA:0,(anonymous_2)
DA:1,0
DA:11,0
DA:12,0
DA:15,0
DA:16,0
DA:17,0
DA:20,0
DA:24,0
DA:25,0
DA:26,0
DA:27,0
DA:28,0
DA:30,0
DA:34,0
DA:35,0
DA:38,0
LF:16
LH:0
BRDA:20,0,0,0
BRDA:20,0,1,0
BRDA:25,1,0,0
BRDA:27,2,0,0
BRDA:27,2,1,0
BRDA:27,3,0,0
BRDA:27,3,1,0
BRDA:28,4,0,0
BRDA:28,4,1,0
BRDA:34,5,0,0
BRDA:40,6,0,0
BRDA:40,6,1,0
BRF:12
BRH:0
end_of_record
TN:
SF:src\common\interceptors\logging.interceptor.ts
FN:12,(anonymous_1)
FN:15,(anonymous_2)
FN:21,(anonymous_3)
FNF:3
FNH:0
FNDA:0,(anonymous_1)
FNDA:0,(anonymous_2)
FNDA:0,(anonymous_3)
DA:1,0
DA:9,0
DA:12,0
DA:13,0
DA:16,0
DA:17,0
DA:18,0
DA:20,0
DA:22,0
DA:23,0
DA:24,0
DA:25,0
LF:12
LH:0
BRF:0
BRH:0
end_of_record
TN:
SF:src\common\interceptors\transform.interceptor.ts
FN:12,(anonymous_1)
FN:14,(anonymous_2)
FNF:2
FNH:0
FNDA:0,(anonymous_1)
FNDA:0,(anonymous_2)
DA:1,0
DA:8,0
DA:11,0
DA:13,0
DA:14,0
LF:5
LH:0
BRF:0
BRH:0
end_of_record
TN:
SF:src\common\pipes\parse-order-status.pipe.ts
FN:9,(anonymous_1)
FNF:1
FNH:0
FNDA:0,(anonymous_1)
DA:1,1
DA:5,1
DA:8,1
DA:10,0
DA:11,0
DA:13,0
LF:6
LH:3
BRDA:10,0,0,0
BRF:1
BRH:0
end_of_record
TN:
SF:src\modules\dining-group\dining-group.controller.ts
FN:21,(anonymous_4)
FN:25,(anonymous_5)
FN:32,(anonymous_6)
FN:38,(anonymous_7)
FN:44,(anonymous_8)
FN:53,(anonymous_9)
FN:62,(anonymous_10)
FN:72,(anonymous_11)
FNF:8
FNH:8
FNDA:8,(anonymous_4)
FNDA:1,(anonymous_5)
FNDA:1,(anonymous_6)
FNDA:1,(anonymous_7)
FNDA:1,(anonymous_8)
FNDA:1,(anonymous_9)
FNDA:1,(anonymous_10)
FNDA:1,(anonymous_11)
DA:1,1
DA:12,1
DA:13,1
DA:14,1
DA:15,1
DA:16,1
DA:20,1
DA:21,8
DA:25,1
DA:26,1
DA:32,1
DA:33,1
DA:38,1
DA:39,1
DA:44,1
DA:48,1
DA:53,1
DA:57,1
DA:62,1
DA:66,1
DA:72,1
DA:76,1
LF:22
LH:22
BRF:0
BRH:0
end_of_record
TN:
SF:src\modules\dining-group\dining-group.module.ts
FNF:0
FNH:0
DA:1,0
DA:2,0
DA:3,0
DA:4,0
DA:5,0
DA:6,0
DA:7,0
DA:18,0
LF:8
LH:0
BRF:0
BRH:0
end_of_record
TN:
SF:src\modules\dining-group\dining-group.service.ts
FN:17,(anonymous_4)
FN:25,(anonymous_5)
FN:49,(anonymous_6)
FN:55,(anonymous_7)
FN:64,(anonymous_8)
FN:75,(anonymous_9)
FN:106,(anonymous_10)
FN:120,(anonymous_11)
FN:132,(anonymous_12)
FNF:9
FNH:9
FNDA:16,(anonymous_4)
FNDA:2,(anonymous_5)
FNDA:1,(anonymous_6)
FNDA:1,(anonymous_7)
FNDA:8,(anonymous_8)
FNDA:4,(anonymous_9)
FNDA:2,(anonymous_10)
FNDA:3,(anonymous_11)
FNDA:2,(anonymous_12)
DA:1,2
DA:6,2
DA:7,2
DA:8,2
DA:9,2
DA:13,2
DA:16,2
DA:19,16
DA:21,16
DA:22,16
DA:26,2
DA:29,2
DA:32,1
DA:36,1
DA:39,1
DA:44,1
DA:46,1
DA:50,1
DA:55,1
DA:61,1
DA:65,8
DA:69,8
DA:70,2
DA:72,6
DA:76,4
DA:79,4
DA:82,3
DA:83,3
DA:85,1
DA:89,3
DA:92,3
DA:93,1
DA:97,2
DA:103,2
DA:107,2
DA:109,2
DA:112,2
DA:113,1
DA:116,1
DA:117,1
DA:121,3
DA:124,3
DA:125,1
DA:128,2
DA:129,2
DA:134,2
DA:135,2
DA:136,1
DA:139,1
LF:49
LH:49
BRDA:42,0,0,1
BRDA:42,0,1,0
BRDA:69,1,0,2
BRDA:83,2,0,1
BRDA:92,3,0,1
BRDA:100,4,0,2
BRDA:100,4,1,0
BRDA:100,4,2,0
BRDA:112,5,0,1
BRDA:124,6,0,1
BRDA:135,7,0,1
BRF:11
BRH:8
end_of_record
TN:
SF:src\modules\dining-group\dto\add-member.dto.ts
FNF:0
FNH:0
DA:1,1
DA:2,1
DA:4,1
DA:8,1
DA:13,1
LF:5
LH:5
BRF:0
BRH:0
end_of_record
TN:
SF:src\modules\dining-group\dto\create-dining-group.dto.ts
FNF:0
FNH:0
DA:1,1
DA:2,1
DA:4,1
DA:8,1
DA:13,1
LF:5
LH:5
BRF:0
BRH:0
end_of_record
TN:
SF:src\modules\dining-group\dto\update-nickname.dto.ts
FNF:0
FNH:0
DA:1,1
DA:2,1
DA:4,1
DA:8,1
DA:13,1
LF:5
LH:5
BRF:0
BRH:0
end_of_record
TN:
SF:src\modules\dining-group\entities\dining-group-member.entity.ts
FN:35,(anonymous_2)
FN:35,(anonymous_3)
FN:39,(anonymous_4)
FN:39,(anonymous_5)
FNF:4
FNH:0
FNDA:0,(anonymous_2)
FNDA:0,(anonymous_3)
FNDA:0,(anonymous_4)
FNDA:0,(anonymous_5)
DA:1,6
DA:9,6
DA:10,6
DA:11,6
DA:14,6
DA:17,6
DA:21,6
DA:25,6
DA:29,6
DA:33,6
DA:35,0
DA:37,6
DA:39,0
DA:41,6
LF:14
LH:12
BRF:0
BRH:0
end_of_record
TN:
SF:src\modules\dining-group\entities\dining-group.entity.ts
FN:38,(anonymous_2)
FN:42,(anonymous_3)
FN:42,(anonymous_4)
FN:45,(anonymous_5)
FN:45,(anonymous_6)
FNF:5
FNH:0
FNDA:0,(anonymous_2)
FNDA:0,(anonymous_3)
FNDA:0,(anonymous_4)
FNDA:0,(anonymous_5)
FNDA:0,(anonymous_6)
DA:1,6
DA:11,6
DA:12,6
DA:13,6
DA:14,6
DA:17,6
DA:20,6
DA:24,6
DA:28,6
DA:32,6
DA:36,6
DA:38,0
DA:40,6
DA:42,0
DA:43,6
DA:45,0
DA:46,6
LF:17
LH:14
BRF:0
BRH:0
end_of_record
TN:
SF:src\modules\dish\dish.controller.ts
FN:21,(anonymous_4)
FN:25,(anonymous_5)
FN:32,(anonymous_6)
FN:41,(anonymous_7)
FN:47,(anonymous_8)
FN:56,(anonymous_9)
FNF:6
FNH:6
FNDA:7,(anonymous_4)
FNDA:1,(anonymous_5)
FNDA:2,(anonymous_6)
FNDA:1,(anonymous_7)
FNDA:1,(anonymous_8)
FNDA:1,(anonymous_9)
DA:1,1
DA:12,1
DA:13,1
DA:14,1
DA:15,1
DA:16,1
DA:20,1
DA:21,7
DA:25,1
DA:26,1
DA:32,1
DA:36,2
DA:41,1
DA:42,1
DA:47,1
DA:51,1
DA:56,1
DA:57,1
LF:18
LH:18
BRF:0
BRH:0
end_of_record
TN:
SF:src\modules\dish\dish.module.ts
FNF:0
FNH:0
DA:1,0
DA:2,0
DA:3,0
DA:4,0
DA:5,0
DA:13,0
LF:6
LH:0
BRF:0
BRH:0
end_of_record
TN:
SF:src\modules\dish\dish.service.ts
FN:11,(anonymous_4)
FN:16,(anonymous_5)
FN:21,(anonymous_6)
FN:45,(anonymous_7)
FN:53,(anonymous_8)
FN:59,(anonymous_9)
FNF:6
FNH:6
FNDA:10,(anonymous_4)
FNDA:1,(anonymous_5)
FNDA:2,(anonymous_6)
FNDA:6,(anonymous_7)
FNDA:2,(anonymous_8)
FNDA:2,(anonymous_9)
DA:1,2
DA:2,2
DA:3,2
DA:4,2
DA:10,2
DA:13,10
DA:17,1
DA:18,1
DA:22,2
DA:23,2
DA:25,2
DA:26,2
DA:27,1
DA:30,2
DA:37,2
DA:46,6
DA:47,6
DA:48,3
DA:50,3
DA:54,2
DA:55,1
DA:56,1
DA:60,2
DA:61,1
DA:62,1
LF:25
LH:25
BRDA:26,0,0,1
BRDA:47,1,0,3
BRF:2
BRH:2
end_of_record
TN:
SF:src\modules\dish\dto\create-dish.dto.ts
FNF:0
FNH:0
DA:1,1
DA:2,1
DA:4,1
DA:8,1
DA:13,1
DA:18,1
DA:23,1
DA:28,1
LF:8
LH:8
BRF:0
BRH:0
end_of_record
TN:
SF:src\modules\dish\dto\update-dish.dto.ts
FNF:0
FNH:0
DA:1,1
DA:2,1
DA:4,1
LF:3
LH:3
BRF:0
BRH:0
end_of_record
TN:
SF:src\modules\dish\entities\dish.entity.ts
FNF:0
FNH:0
DA:1,8
DA:8,8
DA:11,8
DA:14,8
DA:18,8
DA:22,8
DA:26,8
DA:30,8
DA:34,8
DA:38,8
DA:42,8
LF:11
LH:11
BRF:0
BRH:0
end_of_record
TN:
SF:src\modules\order\order.controller.ts
FN:24,(anonymous_4)
FN:28,(anonymous_5)
FN:35,(anonymous_6)
FN:44,(anonymous_7)
FN:53,(anonymous_8)
FN:59,(anonymous_9)
FN:68,(anonymous_10)
FN:77,(anonymous_11)
FN:83,(anonymous_12)
FN:92,(anonymous_13)
FN:102,(anonymous_14)
FNF:11
FNH:11
FNDA:12,(anonymous_4)
FNDA:1,(anonymous_5)
FNDA:2,(anonymous_6)
FNDA:1,(anonymous_7)
FNDA:1,(anonymous_8)
FNDA:1,(anonymous_9)
FNDA:1,(anonymous_10)
FNDA:1,(anonymous_11)
FNDA:1,(anonymous_12)
FNDA:1,(anonymous_13)
FNDA:1,(anonymous_14)
DA:1,1
DA:12,1
DA:13,1
DA:14,1
DA:15,1
DA:16,1
DA:17,1
DA:18,1
DA:19,1
DA:23,1
DA:24,12
DA:28,1
DA:29,1
DA:35,1
DA:39,2
DA:44,1
DA:48,1
DA:53,1
DA:54,1
DA:59,1
DA:63,1
DA:68,1
DA:72,1
DA:77,1
DA:78,1
DA:83,1
DA:87,1
DA:92,1
DA:97,1
DA:102,1
DA:106,1
LF:31
LH:31
BRF:0
BRH:0
end_of_record
TN:
SF:src\modules\order\order.module.ts
FNF:0
FNH:0
DA:1,0
DA:2,0
DA:3,0
DA:4,0
DA:5,0
DA:6,0
DA:14,0
LF:7
LH:0
BRF:0
BRH:0
end_of_record
TN:
SF:src\modules\order\order.service.ts
FN:14,(anonymous_4)
FN:21,(anonymous_5)
FN:30,(anonymous_6)
FN:36,(anonymous_7)
FN:42,(anonymous_8)
FN:67,(anonymous_9)
FN:87,(anonymous_10)
FN:98,(anonymous_11)
FN:104,(anonymous_12)
FN:110,(anonymous_13)
FN:116,(anonymous_14)
FN:125,(anonymous_15)
FN:136,(anonymous_16)
FNF:13
FNH:13
FNDA:17,(anonymous_4)
FNDA:1,(anonymous_5)
FNDA:1,(anonymous_6)
FNDA:1,(anonymous_7)
FNDA:2,(anonymous_8)
FNDA:1,(anonymous_9)
FNDA:8,(anonymous_10)
FNDA:2,(anonymous_11)
FNDA:1,(anonymous_12)
FNDA:2,(anonymous_13)
FNDA:1,(anonymous_14)
FNDA:2,(anonymous_15)
FNDA:2,(anonymous_16)
DA:1,2
DA:2,2
DA:3,2
DA:4,2
DA:5,2
DA:13,2
DA:16,17
DA:18,17
DA:22,1
DA:23,1
DA:24,1
DA:27,1
DA:31,1
DA:33,1
DA:36,1
DA:39,1
DA:43,2
DA:44,2
DA:46,2
DA:47,2
DA:48,1
DA:51,2
DA:59,2
DA:68,1
DA:69,1
DA:71,1
DA:79,1
DA:88,8
DA:92,8
DA:93,3
DA:95,5
DA:99,2
DA:100,1
DA:101,1
DA:105,1
DA:106,1
DA:107,1
DA:111,2
DA:112,1
DA:113,1
DA:117,1
DA:118,1
DA:122,1
DA:126,2
DA:129,2
DA:130,1
DA:132,1
DA:133,1
DA:137,2
DA:140,2
DA:141,1
DA:143,1
DA:144,1
LF:53
LH:53
BRDA:47,0,0,1
BRDA:92,1,0,3
BRDA:129,2,0,1
BRDA:140,3,0,1
BRF:4
BRH:4
end_of_record
TN:
SF:src\modules\order\dto\create-order-item.dto.ts
FN:4,(anonymous_2)
FNF:1
FNH:0
FNDA:0,(anonymous_2)
DA:1,1
DA:2,1
DA:4,1
DA:8,1
DA:14,1
DA:19,1
LF:6
LH:6
BRF:0
BRH:0
end_of_record
TN:
SF:src\modules\order\dto\create-order.dto.ts
FN:37,(anonymous_2)
FNF:1
FNH:0
FNDA:0,(anonymous_2)
DA:1,1
DA:2,1
DA:10,1
DA:11,1
DA:13,1
DA:17,1
DA:22,1
DA:27,1
DA:32,1
DA:37,0
DA:38,1
LF:11
LH:10
BRF:0
BRH:0
end_of_record
TN:
SF:src\modules\order\dto\update-order-status.dto.ts
FNF:0
FNH:0
DA:1,1
DA:2,1
DA:4,1
DA:10,1
LF:4
LH:4
BRF:0
BRH:0
end_of_record
TN:
SF:src\modules\order\dto\update-order.dto.ts
FNF:0
FNH:0
DA:1,1
DA:2,1
DA:4,1
DA:8,1
DA:13,1
LF:5
LH:5
BRF:0
BRH:0
end_of_record
TN:
SF:src\modules\order\entities\order-item.entity.ts
FN:34,(anonymous_2)
FN:34,(anonymous_3)
FN:38,(anonymous_4)
FNF:3
FNH:0
FNDA:0,(anonymous_2)
FNDA:0,(anonymous_3)
FNDA:0,(anonymous_4)
DA:1,6
DA:8,6
DA:9,6
DA:10,6
DA:13,6
DA:16,6
DA:20,6
DA:24,6
DA:28,6
DA:32,6
DA:34,0
DA:36,6
DA:38,0
DA:40,6
LF:14
LH:12
BRF:0
BRH:0
end_of_record
TN:
SF:src\modules\order\entities\order.entity.ts
FN:54,(anonymous_2)
FN:54,(anonymous_3)
FN:58,(anonymous_4)
FN:58,(anonymous_5)
FN:62,(anonymous_6)
FN:62,(anonymous_7)
FNF:6
FNH:0
FNDA:0,(anonymous_2)
FNDA:0,(anonymous_3)
FNDA:0,(anonymous_4)
FNDA:0,(anonymous_5)
FNDA:0,(anonymous_6)
FNDA:0,(anonymous_7)
DA:1,6
DA:11,6
DA:12,6
DA:13,6
DA:14,6
DA:17,6
DA:20,6
DA:24,6
DA:28,6
DA:32,6
DA:36,6
DA:40,6
DA:44,6
DA:48,6
DA:52,6
DA:54,0
DA:56,6
DA:58,0
DA:60,6
DA:62,0
DA:63,6
LF:21
LH:18
BRF:0
BRH:0
end_of_record
TN:
SF:src\modules\user\user.controller.ts
FN:22,(anonymous_4)
FN:27,(anonymous_5)
FN:33,(anonymous_6)
FN:41,(anonymous_7)
FN:47,(anonymous_8)
FN:56,(anonymous_9)
FNF:6
FNH:6
FNDA:6,(anonymous_4)
FNDA:1,(anonymous_5)
FNDA:1,(anonymous_6)
FNDA:1,(anonymous_7)
FNDA:1,(anonymous_8)
FNDA:1,(anonymous_9)
DA:1,1
DA:12,1
DA:13,1
DA:14,1
DA:15,1
DA:16,1
DA:17,1
DA:21,1
DA:22,6
DA:27,1
DA:28,1
DA:33,1
DA:34,1
DA:41,1
DA:42,1
DA:47,1
DA:51,1
DA:56,1
DA:57,1
LF:19
LH:19
BRF:0
BRH:0
end_of_record
TN:
SF:src\modules\user\user.module.ts
FNF:0
FNH:0
DA:1,0
DA:2,0
DA:3,0
DA:4,0
DA:5,0
DA:13,0
LF:6
LH:0
BRF:0
BRH:0
end_of_record
TN:
SF:src\modules\user\user.service.ts
FN:11,(anonymous_4)
FN:16,(anonymous_5)
FN:29,(anonymous_6)
FN:47,(anonymous_7)
FN:55,(anonymous_8)
FN:59,(anonymous_9)
FN:65,(anonymous_10)
FNF:7
FNH:7
FNDA:13,(anonymous_4)
FNDA:2,(anonymous_5)
FNDA:2,(anonymous_6)
FNDA:6,(anonymous_7)
FNDA:2,(anonymous_8)
FNDA:2,(anonymous_9)
FNDA:2,(anonymous_10)
DA:1,4
DA:2,4
DA:3,4
DA:4,4
DA:10,4
DA:13,13
DA:18,2
DA:21,2
DA:22,1
DA:25,1
DA:26,1
DA:30,2
DA:31,2
DA:33,2
DA:39,2
DA:48,6
DA:49,6
DA:50,3
DA:52,3
DA:56,2
DA:60,2
DA:61,1
DA:62,1
DA:66,2
DA:67,1
DA:68,1
LF:26
LH:26
BRDA:21,0,0,1
BRDA:49,1,0,3
BRF:2
BRH:2
end_of_record
TN:
SF:src\modules\user\dto\create-user.dto.ts
FNF:0
FNH:0
DA:1,1
DA:2,1
DA:4,1
DA:8,1
DA:13,1
DA:18,1
DA:23,1
DA:28,1
DA:33,1
DA:38,1
LF:10
LH:10
BRF:0
BRH:0
end_of_record
TN:
SF:src\modules\user\dto\update-user.dto.ts
FNF:0
FNH:0
DA:1,1
DA:2,1
DA:3,1
DA:5,1
DA:9,1
DA:14,1
DA:19,1
DA:24,1
DA:29,1
DA:34,1
LF:10
LH:10
BRF:0
BRH:0
end_of_record
TN:
SF:src\modules\user\entities\user.entity.ts
FN:55,(anonymous_2)
FN:55,(anonymous_3)
FN:58,(anonymous_4)
FN:58,(anonymous_5)
FNF:4
FNH:0
FNDA:0,(anonymous_2)
FNDA:0,(anonymous_3)
FNDA:0,(anonymous_4)
FNDA:0,(anonymous_5)
DA:1,6
DA:9,6
DA:10,6
DA:11,6
DA:14,6
DA:17,6
DA:21,6
DA:25,6
DA:29,6
DA:33,6
DA:37,6
DA:41,6
DA:45,6
DA:49,6
DA:53,6
DA:55,0
DA:56,6
DA:58,0
DA:59,6
LF:19
LH:17
BRF:0
BRH:0
end_of_record
